#
# A fatal error has been detected by the Java Runtime Environment:
#
#  EXCEPTION_ACCESS_VIOLATION (0xc0000005) at pc=0x00007fffb69ae0a9, pid=18412, tid=15664
#
# JRE version: OpenJDK Runtime Environment Microsoft-8035246 (17.0.8+7) (build 17.0.8+7-LTS)
# Java VM: OpenJDK 64-Bit Server VM Microsoft-8035246 (17.0.8+7-LTS, mixed mode, sharing, tiered, compressed oops, compressed class ptrs, g1 gc, windows-amd64)
# Problematic frame:
# V  [jvm.dll+0x2be0a9]
#
# No core dump will be written. Minidumps are not enabled by default on client versions of Windows
#
# If you would like to submit a bug report, please visit:
#   https://github.com/microsoft/openjdk/issues
#

---------------  S U M M A R Y ------------

Command Line: -XX:MaxMetaspaceSize=512m --add-opens=java.base/java.util=ALL-UNNAMED --add-opens=java.base/java.lang=ALL-UNNAMED --add-opens=java.base/java.lang.invoke=ALL-UNNAMED --add-opens=java.prefs/java.util.prefs=ALL-UNNAMED --add-opens=java.base/java.nio.charset=ALL-UNNAMED --add-opens=java.base/java.net=ALL-UNNAMED --add-opens=java.base/java.util.concurrent.atomic=ALL-UNNAMED -Xmx2048m -Dfile.encoding=windows-1252 -Duser.country=CI -Duser.language=fr -Duser.variant -javaagent:C:\Users\92\.gradle\wrapper\dists\gradle-8.3-all\6en3ugtfdg5xnpx44z4qbwgas\gradle-8.3\lib\agents\gradle-instrumentation-agent-8.3.jar org.gradle.launcher.daemon.bootstrap.GradleDaemon 8.3

Host: Intel(R) Core(TM) i5-5200U CPU @ 2.20GHz, 4 cores, 11G,  Windows 10 , 64 bit Build 19041 (10.0.19041.3636)
Time: Wed Jan 17 15:41:37 2024 Paris, Madrid elapsed time: 58.592586 seconds (0d 0h 0m 58s)

---------------  T H R E A D  ---------------

Current thread (0x000002152aadfae0):  JavaThread "C2 CompilerThread1" daemon [_thread_in_native, id=15664, stack(0x0000003577f00000,0x0000003578000000)]


Current CompileTask:
C2:  58592 16020       4       org.gradle.cache.internal.ExclusiveCacheAccessingWorker$1::call (10 bytes)

Stack: [0x0000003577f00000,0x0000003578000000],  sp=0x0000003577ffb7e0,  free space=1005k
Native frames: (J=compiled Java code, j=interpreted, Vv=VM code, C=native code)
V  [jvm.dll+0x2be0a9]
V  [jvm.dll+0x21ba8b]
V  [jvm.dll+0x21944b]
V  [jvm.dll+0x1a56b6]
V  [jvm.dll+0x2291ea]
V  [jvm.dll+0x22724c]
V  [jvm.dll+0x7efd0c]
V  [jvm.dll+0x7ea13a]
V  [jvm.dll+0x67ad85]
C  [ucrtbase.dll+0x21bb2]
C  [KERNEL32.DLL+0x17344]
C  [ntdll.dll+0x526b1]


siginfo: EXCEPTION_ACCESS_VIOLATION (0xc0000005), reading address 0x0000000000000028


Register to memory mapping:

RIP=0x00007fffb69ae0a9 jvm.dll
RAX=0x0000021531a3baf0 points into unknown readable memory: 0x0000000000000000 | 00 00 00 00 00 00 00 00
RBX=0x0000000000001816 is an unknown value
RCX=0x0 is NULL
RDX=0x0 is NULL
RSP=0x0000003577ffb7e0 is pointing into the stack for thread: 0x000002152aadfae0
RBP=0x0000003577ffb850 is pointing into the stack for thread: 0x000002152aadfae0
RSI=0x0 is NULL
RDI=0x0000000000000048 is an unknown value
R8 =0x000000000000ffe0 is an unknown value
R9 =0x0 is NULL
R10=0x00007ff807c90000 VCRUNTIME140.dll
R11=0x0000021531a3bb10 points into unknown readable memory: 0x0000000000000000 | 00 00 00 00 00 00 00 00
R12=0x0000000000000050 is an unknown value
R13=0x0 is NULL
R14=0x0 is NULL
R15=0x0000003577ffea00 is pointing into the stack for thread: 0x000002152aadfae0


Registers:
RAX=0x0000021531a3baf0, RBX=0x0000000000001816, RCX=0x0000000000000000, RDX=0x0000000000000000
RSP=0x0000003577ffb7e0, RBP=0x0000003577ffb850, RSI=0x0000000000000000, RDI=0x0000000000000048
R8 =0x000000000000ffe0, R9 =0x0000000000000000, R10=0x00007ff807c90000, R11=0x0000021531a3bb10
R12=0x0000000000000050, R13=0x0000000000000000, R14=0x0000000000000000, R15=0x0000003577ffea00
RIP=0x00007fffb69ae0a9, EFLAGS=0x0000000000010202

Top of Stack: (sp=0x0000003577ffb7e0)
0x0000003577ffb7e0:   0000000000001816 0000000000000000
0x0000003577ffb7f0:   0000003577ffea00 00007fffb69138d1
0x0000003577ffb800:   00000215278e6af0 00007fff00002000
0x0000003577ffb810:   0000021531a3baf0 0000000000000000
0x0000003577ffb820:   0000000000000002 0000021531915a20
0x0000003577ffb830:   0000000000000002 00000215278e6af0
0x0000003577ffb840:   0000000000000000 0000000000000000
0x0000003577ffb850:   000002152b789080 00000215691200d0
0x0000003577ffb860:   0000000000000048 00007fffb7034c08
0x0000003577ffb870:   0000003577ffb980 00007fffb690ba8b
0x0000003577ffb880:   0000003577ffea00 00007fffb7034c08
0x0000003577ffb890:   0000003577ffea00 0000003577ffb980
0x0000003577ffb8a0:   0000003500000000 0000003577fff560
0x0000003577ffb8b0:   000000350000000f 0000003577ffea00
0x0000003577ffb8c0:   0000003577ffba30 00007fff00000000
0x0000003577ffb8d0:   0000021500000100 00007fffb7034c08 

Instructions: (pc=0x00007fffb69ae0a9)
0x00007fffb69adfa9:   3b d0 75 0b ff c1 41 3b c9 7c dc 48 8b c2 c3 33
0x00007fffb69adfb9:   c0 c3 cc cc cc cc cc 48 89 5c 24 18 55 56 57 41
0x00007fffb69adfc9:   55 41 57 48 8b ec 48 83 ec 70 65 48 8b 04 25 58
0x00007fffb69adfd9:   00 00 00 48 8b f2 44 8b 05 d2 8b 90 00 4c 8b f9
0x00007fffb69adfe9:   4a 8b 1c c0 b8 50 00 00 00 80 3c 18 00 75 05 e8
0x00007fffb69adff9:   8b 6f 5d 00 b8 20 00 00 00 48 8b 04 18 48 8b 98
0x00007fffb69ae009:   38 02 00 00 48 89 5d b0 c7 45 b8 04 00 00 00 48
0x00007fffb69ae019:   8b 43 18 48 83 f8 df 76 18 4c 8d 05 37 a9 65 00
0x00007fffb69ae029:   ba 20 00 00 00 48 8b cb e8 5a eb de ff 48 8b 43
0x00007fffb69ae039:   18 48 8d 48 20 48 3b 4b 20 76 11 45 33 c0 48 8b
0x00007fffb69ae049:   cb 41 8d 50 20 e8 fd e8 de ff eb 04 48 89 4b 18
0x00007fffb69ae059:   44 8b 45 b8 33 d2 49 c1 e0 03 48 8b c8 48 89 45
0x00007fffb69ae069:   c0 e8 e3 80 5d 00 45 33 ed 48 8d 4d d0 44 89 6d
0x00007fffb69ae079:   c8 e8 01 59 56 00 41 8b 9f 40 02 00 00 41 2b 9f
0x00007fffb69ae089:   68 02 00 00 44 89 6d f0 3b 5d b8 72 0b 8b d3 48
0x00007fffb69ae099:   8d 4d b0 e8 6f b3 39 00 48 8b 45 c0 4c 89 2c d8
0x00007fffb69ae0a9:   8b 7e 28 8b df c1 eb 05 3b 5d d0 72 0b 8b d3 48
0x00007fffb69ae0b9:   8d 4d d0 e8 1f 59 56 00 48 8b 45 d8 83 e7 1f 48
0x00007fffb69ae0c9:   8d 14 98 40 0f b6 cf 41 b8 01 00 00 00 41 d3 e0
0x00007fffb69ae0d9:   8b 0a 8b c1 41 0b c0 89 02 41 85 c8 75 21 8b 5d
0x00007fffb69ae0e9:   c8 8d 43 01 89 45 c8 3b 5d b8 72 0b 8b d3 48 8d
0x00007fffb69ae0f9:   4d b0 e8 10 b3 39 00 48 8b 45 c0 48 89 34 d8 44
0x00007fffb69ae109:   39 6d c8 0f 86 77 01 00 00 4c 89 a4 24 a0 00 00
0x00007fffb69ae119:   00 4c 89 b4 24 a8 00 00 00 48 8b 45 c0 41 8b cd
0x00007fffb69ae129:   48 8b 34 c8 8b 46 2c 25 ff 1f 00 00 3d 04 10 00
0x00007fffb69ae139:   00 0f 85 a7 00 00 00 bb 01 00 00 00 39 5e 18 76
0x00007fffb69ae149:   39 66 0f 1f 44 00 00 48 8b 46 08 8b cb 48 8b 14
0x00007fffb69ae159:   c8 48 85 d2 74 1d 48 83 7a 10 00 74 16 80 7a 2c
0x00007fffb69ae169:   84 74 10 e8 7f 7e ee ff 48 8b d0 49 8b cf e8 a4
0x00007fffb69ae179:   61 f6 ff ff c3 3b 5e 18 72 cd 48 8b 5e 10 8b 46
0x00007fffb69ae189:   20 4c 8d 34 c3 49 3b de 73 54 48 8b 3b 8b 47 2c
0x00007fffb69ae199:   83 e0 03 3c 03 75 2e 48 8b 07 48 8b cf ff 90 88 


Stack slot to memory mapping:
stack at sp + 0 slots: 0x0000000000001816 is an unknown value
stack at sp + 1 slots: 0x0 is NULL
stack at sp + 2 slots: 0x0000003577ffea00 is pointing into the stack for thread: 0x000002152aadfae0
stack at sp + 3 slots: 0x00007fffb69138d1 jvm.dll
stack at sp + 4 slots: 0x00000215278e6af0 points into unknown readable memory: 0x0000000000000006 | 06 00 00 00 00 00 00 00
stack at sp + 5 slots: 0x00007fff00002000 is an unknown value
stack at sp + 6 slots: 0x0000021531a3baf0 points into unknown readable memory: 0x0000000000000000 | 00 00 00 00 00 00 00 00
stack at sp + 7 slots: 0x0 is NULL


---------------  P R O C E S S  ---------------

Threads class SMR info:
_java_thread_list=0x000002152a849330, length=82, elements={
0x00000215691088f0, 0x0000021506cd2460, 0x0000021506cd4f40, 0x0000021506cec1f0,
0x0000021506ceeee0, 0x0000021506cef7b0, 0x0000021506cf0080, 0x0000021506cf1d40,
0x0000021506cf2f10, 0x0000021506d2cff0, 0x00000215260bf750, 0x00000215261bd020,
0x0000021527bc88d0, 0x000002152891fa00, 0x00000215271c6b20, 0x00000215274e9f80,
0x0000021527c5f3f0, 0x0000021527165e50, 0x00000215271677a0, 0x0000021527166360,
0x0000021527167cb0, 0x0000021527164500, 0x0000021527164f20, 0x0000021527166d80,
0x0000021527164a10, 0x0000021527166870, 0x0000021527165940, 0x0000021527167290,
0x0000021528b83be0, 0x0000021528b86460, 0x0000021528b86e80, 0x0000021528b87db0,
0x0000021528b85f50, 0x0000021528b882c0, 0x0000021528b878a0, 0x0000021528b887d0,
0x0000021528b827a0, 0x0000021528b840f0, 0x0000021528b836d0, 0x0000021528b831c0,
0x0000021528b88ce0, 0x0000021528b891f0, 0x0000021528b84600, 0x0000021528b85530,
0x0000021528b89700, 0x0000021528b85a40, 0x0000021528b8a120, 0x0000021528b82cb0,
0x0000021527dd74d0, 0x0000021527dd9d50, 0x0000021527ddc0c0, 0x0000021527dd7ef0,
0x0000021527ddac80, 0x0000021527ddda10, 0x0000021527dd65a0, 0x0000021527ddb190,
0x0000021527dd9840, 0x0000021527dd79e0, 0x0000021527dda260, 0x0000021527dd8400,
0x0000021527ddb6a0, 0x0000021527ddbbb0, 0x0000021527dd6ab0, 0x0000021527dd9330,
0x0000021527dddf20, 0x0000021527dda770, 0x0000021528b84b10, 0x0000021531cb75d0,
0x0000021531cbc6d0, 0x0000021531cbdb10, 0x0000021531cb7ae0, 0x0000021531cb7ff0,
0x0000021531cb9430, 0x0000021531cb9940, 0x0000021531cb9e50, 0x0000021531cbbcb0,
0x0000021531cbe530, 0x000002152aadfae0, 0x0000021531cb8500, 0x0000021531cb8a10,
0x0000021531cba360, 0x0000021531cba870
}

Java Threads: ( => current thread )
  0x00000215691088f0 JavaThread "main" [_thread_blocked, id=13844, stack(0x0000003572e00000,0x0000003572f00000)]
  0x0000021506cd2460 JavaThread "Reference Handler" daemon [_thread_blocked, id=15328, stack(0x0000003573500000,0x0000003573600000)]
  0x0000021506cd4f40 JavaThread "Finalizer" daemon [_thread_blocked, id=4048, stack(0x0000003573600000,0x0000003573700000)]
  0x0000021506cec1f0 JavaThread "Signal Dispatcher" daemon [_thread_blocked, id=4240, stack(0x0000003573700000,0x0000003573800000)]
  0x0000021506ceeee0 JavaThread "Attach Listener" daemon [_thread_blocked, id=11512, stack(0x0000003573800000,0x0000003573900000)]
  0x0000021506cef7b0 JavaThread "Service Thread" daemon [_thread_blocked, id=10136, stack(0x0000003573900000,0x0000003573a00000)]
  0x0000021506cf0080 JavaThread "Monitor Deflation Thread" daemon [_thread_blocked, id=14484, stack(0x0000003573a00000,0x0000003573b00000)]
  0x0000021506cf1d40 JavaThread "C2 CompilerThread0" daemon [_thread_in_native, id=17048, stack(0x0000003573b00000,0x0000003573c00000)]
  0x0000021506cf2f10 JavaThread "C1 CompilerThread0" daemon [_thread_blocked, id=14020, stack(0x0000003573c00000,0x0000003573d00000)]
  0x0000021506d2cff0 JavaThread "Sweeper thread" daemon [_thread_blocked, id=12596, stack(0x0000003573d00000,0x0000003573e00000)]
  0x00000215260bf750 JavaThread "Common-Cleaner" daemon [_thread_blocked, id=17340, stack(0x0000003573e00000,0x0000003573f00000)]
  0x00000215261bd020 JavaThread "Notification Thread" daemon [_thread_blocked, id=7828, stack(0x0000003573f00000,0x0000003574000000)]
  0x0000021527bc88d0 JavaThread "Daemon health stats" [_thread_blocked, id=12524, stack(0x0000003574500000,0x0000003574600000)]
  0x000002152891fa00 JavaThread "Incoming local TCP Connector on port 59484" [_thread_in_native, id=11604, stack(0x0000003574600000,0x0000003574700000)]
  0x00000215271c6b20 JavaThread "Daemon periodic checks" [_thread_blocked, id=17752, stack(0x0000003574700000,0x0000003574800000)]
  0x00000215274e9f80 JavaThread "Daemon" [_thread_blocked, id=17632, stack(0x0000003574800000,0x0000003574900000)]
  0x0000021527c5f3f0 JavaThread "Handler for socket connection from /127.0.0.1:59484 to /127.0.0.1:59485" [_thread_in_native, id=11504, stack(0x0000003574900000,0x0000003574a00000)]
  0x0000021527165e50 JavaThread "Cancel handler" [_thread_blocked, id=16744, stack(0x0000003574a00000,0x0000003574b00000)]
  0x00000215271677a0 JavaThread "Daemon worker" [_thread_blocked, id=14136, stack(0x0000003574b00000,0x0000003574c00000)]
  0x0000021527166360 JavaThread "Asynchronous log dispatcher for DefaultDaemonConnection: socket connection from /127.0.0.1:59484 to /127.0.0.1:59485" [_thread_blocked, id=3800, stack(0x0000003574c00000,0x0000003574d00000)]
  0x0000021527167cb0 JavaThread "Stdin handler" [_thread_blocked, id=16092, stack(0x0000003574d00000,0x0000003574e00000)]
  0x0000021527164500 JavaThread "Daemon client event forwarder" [_thread_blocked, id=9768, stack(0x0000003574e00000,0x0000003574f00000)]
  0x0000021527164f20 JavaThread "Cache worker for journal cache (C:\Users\92\.gradle\caches\journal-1)" [_thread_blocked, id=5992, stack(0x0000003574f00000,0x0000003575000000)]
  0x0000021527166d80 JavaThread "File lock request listener" [_thread_in_native, id=15032, stack(0x0000003575000000,0x0000003575100000)]
  0x0000021527164a10 JavaThread "Cache worker for file hash cache (C:\Users\92\.gradle\caches\8.3\fileHashes)" [_thread_blocked, id=9760, stack(0x0000003575100000,0x0000003575200000)]
  0x0000021527166870 JavaThread "File watcher server" daemon [_thread_in_native, id=17528, stack(0x0000003574100000,0x0000003574200000)]
  0x0000021527165940 JavaThread "File watcher consumer" daemon [_thread_blocked, id=17780, stack(0x0000003575200000,0x0000003575300000)]
  0x0000021527167290 JavaThread "Cache worker for checksums cache (C:\Users\92\Documents\FATIHOUNE\APPS\ky92\client\android\.gradle\8.3\checksums)" [_thread_blocked, id=7772, stack(0x0000003575300000,0x0000003575400000)]
  0x0000021528b83be0 JavaThread "Cache worker for file hash cache (C:\Users\92\Documents\FATIHOUNE\APPS\ky92\client\android\.gradle\8.3\fileHashes)" [_thread_blocked, id=2580, stack(0x0000003575400000,0x0000003575500000)]
  0x0000021528b86460 JavaThread "Cache worker for cache directory md-supplier (C:\Users\92\.gradle\caches\8.3\md-supplier)" [_thread_blocked, id=15924, stack(0x0000003575500000,0x0000003575600000)]
  0x0000021528b86e80 JavaThread "Cache worker for file content cache (C:\Users\92\.gradle\caches\8.3\fileContent)" [_thread_blocked, id=10200, stack(0x0000003575600000,0x0000003575700000)]
  0x0000021528b87db0 JavaThread "Cache worker for cache directory md-rule (C:\Users\92\.gradle\caches\8.3\md-rule)" [_thread_blocked, id=12364, stack(0x0000003575700000,0x0000003575800000)]
  0x0000021528b85f50 JavaThread "Cache worker for execution history cache (C:\Users\92\.gradle\caches\8.3\executionHistory)" [_thread_blocked, id=14452, stack(0x0000003575800000,0x0000003575900000)]
  0x0000021528b882c0 JavaThread "jar transforms" [_thread_blocked, id=8340, stack(0x0000003575a00000,0x0000003575b00000)]
  0x0000021528b878a0 JavaThread "jar transforms Thread 2" [_thread_blocked, id=11596, stack(0x0000003575b00000,0x0000003575c00000)]
  0x0000021528b887d0 JavaThread "jar transforms Thread 3" [_thread_blocked, id=13952, stack(0x0000003575c00000,0x0000003575d00000)]
  0x0000021528b827a0 JavaThread "jar transforms Thread 4" [_thread_blocked, id=16316, stack(0x0000003575d00000,0x0000003575e00000)]
  0x0000021528b840f0 JavaThread "Cache worker for kotlin-dsl (C:\Users\92\.gradle\caches\8.3\kotlin-dsl)" [_thread_blocked, id=14624, stack(0x0000003575e00000,0x0000003575f00000)]
  0x0000021528b836d0 JavaThread "Unconstrained build operations" [_thread_blocked, id=4132, stack(0x0000003575900000,0x0000003575a00000)]
  0x0000021528b831c0 JavaThread "Unconstrained build operations Thread 2" [_thread_blocked, id=8088, stack(0x0000003576000000,0x0000003576100000)]
  0x0000021528b88ce0 JavaThread "Cache worker for dependencies-accessors (C:\Users\92\Documents\FATIHOUNE\APPS\ky92\client\android\.gradle\8.3\dependencies-accessors)" [_thread_blocked, id=13048, stack(0x0000003576200000,0x0000003576300000)]
  0x0000021528b891f0 JavaThread "Cache worker for Build Output Cleanup Cache (C:\Users\92\Documents\FATIHOUNE\APPS\ky92\client\node_modules\@react-native\gradle-plugin\.gradle\buildOutputCleanup)" [_thread_blocked, id=16828, stack(0x0000003576300000,0x0000003576400000)]
  0x0000021528b84600 JavaThread "Unconstrained build operations Thread 3" [_thread_blocked, id=18004, stack(0x0000003576400000,0x0000003576500000)]
  0x0000021528b85530 JavaThread "Unconstrained build operations Thread 4" [_thread_blocked, id=11048, stack(0x0000003576500000,0x0000003576600000)]
  0x0000021528b89700 JavaThread "Unconstrained build operations Thread 5" [_thread_blocked, id=15416, stack(0x0000003576600000,0x0000003576700000)]
  0x0000021528b85a40 JavaThread "Memory manager" [_thread_blocked, id=12916, stack(0x0000003576700000,0x0000003576800000)]
  0x0000021528b8a120 JavaThread "Cache worker for Build Output Cleanup Cache (C:\Users\92\Documents\FATIHOUNE\APPS\ky92\client\android\.gradle\buildOutputCleanup)" [_thread_blocked, id=17256, stack(0x0000003576800000,0x0000003576900000)]
  0x0000021528b82cb0 JavaThread "ForkJoinPool.commonPool-worker-1" daemon [_thread_blocked, id=16340, stack(0x0000003576900000,0x0000003576a00000)]
  0x0000021527dd74d0 JavaThread "ForkJoinPool.commonPool-worker-2" daemon [_thread_blocked, id=6584, stack(0x0000003576a00000,0x0000003576b00000)]
  0x0000021527dd9d50 JavaThread "ForkJoinPool.commonPool-worker-3" daemon [_thread_blocked, id=13692, stack(0x0000003576b00000,0x0000003576c00000)]
  0x0000021527ddc0c0 JavaThread "included builds" [_thread_blocked, id=13612, stack(0x0000003576c00000,0x0000003576d00000)]
  0x0000021527dd7ef0 JavaThread "Execution worker" [_thread_blocked, id=18388, stack(0x0000003576d00000,0x0000003576e00000)]
  0x0000021527ddac80 JavaThread "Execution worker Thread 2" [_thread_blocked, id=15168, stack(0x0000003576e00000,0x0000003576f00000)]
  0x0000021527ddda10 JavaThread "Execution worker Thread 3" [_thread_blocked, id=18052, stack(0x0000003576f00000,0x0000003577000000)]
  0x0000021527dd65a0 JavaThread "Cache worker for execution history cache (C:\Users\92\Documents\FATIHOUNE\APPS\ky92\client\node_modules\@react-native\gradle-plugin\.gradle\8.3\executionHistory)" [_thread_blocked, id=13888, stack(0x0000003577000000,0x0000003577100000)]
  0x0000021527ddb190 JavaThread "Unconstrained build operations Thread 6" [_thread_blocked, id=17220, stack(0x0000003577100000,0x0000003577200000)]
  0x0000021527dd9840 JavaThread "Unconstrained build operations Thread 7" [_thread_blocked, id=17456, stack(0x0000003577200000,0x0000003577300000)]
  0x0000021527dd79e0 JavaThread "Unconstrained build operations Thread 8" [_thread_blocked, id=6436, stack(0x0000003577300000,0x0000003577400000)]
  0x0000021527dda260 JavaThread "Unconstrained build operations Thread 9" [_thread_blocked, id=14824, stack(0x0000003577400000,0x0000003577500000)]
  0x0000021527dd8400 JavaThread "Unconstrained build operations Thread 10" [_thread_blocked, id=2012, stack(0x0000003577500000,0x0000003577600000)]
  0x0000021527ddb6a0 JavaThread "Unconstrained build operations Thread 11" [_thread_blocked, id=16720, stack(0x0000003577600000,0x0000003577700000)]
  0x0000021527ddbbb0 JavaThread "Unconstrained build operations Thread 12" [_thread_blocked, id=16508, stack(0x0000003577700000,0x0000003577800000)]
  0x0000021527dd6ab0 JavaThread "Unconstrained build operations Thread 13" [_thread_blocked, id=1104, stack(0x0000003577800000,0x0000003577900000)]
  0x0000021527dd9330 JavaThread "Unconstrained build operations Thread 14" [_thread_blocked, id=16796, stack(0x0000003577b00000,0x0000003577c00000)]
  0x0000021527dddf20 JavaThread "Unconstrained build operations Thread 15" [_thread_blocked, id=17672, stack(0x0000003577c00000,0x0000003577d00000)]
  0x0000021527dda770 JavaThread "Unconstrained build operations Thread 16" [_thread_blocked, id=12924, stack(0x0000003577d00000,0x0000003577e00000)]
  0x0000021528b84b10 JavaThread "Unconstrained build operations Thread 17" [_thread_blocked, id=12404, stack(0x0000003577e00000,0x0000003577f00000)]
  0x0000021531cb75d0 JavaThread "Unconstrained build operations Thread 18" [_thread_blocked, id=4720, stack(0x0000003576100000,0x0000003576200000)]
  0x0000021531cbc6d0 JavaThread "Unconstrained build operations Thread 19" [_thread_blocked, id=3184, stack(0x0000003578000000,0x0000003578100000)]
  0x0000021531cbdb10 JavaThread "Unconstrained build operations Thread 20" [_thread_blocked, id=13516, stack(0x0000003578100000,0x0000003578200000)]
  0x0000021531cb7ae0 JavaThread "Unconstrained build operations Thread 21" [_thread_blocked, id=11636, stack(0x0000003578200000,0x0000003578300000)]
  0x0000021531cb7ff0 JavaThread "Unconstrained build operations Thread 22" [_thread_blocked, id=7884, stack(0x0000003578300000,0x0000003578400000)]
  0x0000021531cb9430 JavaThread "Unconstrained build operations Thread 23" [_thread_blocked, id=15828, stack(0x0000003578400000,0x0000003578500000)]
  0x0000021531cb9940 JavaThread "Unconstrained build operations Thread 24" [_thread_blocked, id=17884, stack(0x0000003578500000,0x0000003578600000)]
  0x0000021531cb9e50 JavaThread "Unconstrained build operations Thread 25" [_thread_blocked, id=14404, stack(0x0000003578600000,0x0000003578700000)]
  0x0000021531cbbcb0 JavaThread "Unconstrained build operations Thread 26" [_thread_blocked, id=14320, stack(0x0000003578700000,0x0000003578800000)]
  0x0000021531cbe530 JavaThread "Unconstrained build operations Thread 27" [_thread_blocked, id=11192, stack(0x0000003578800000,0x0000003578900000)]
=>0x000002152aadfae0 JavaThread "C2 CompilerThread1" daemon [_thread_in_native, id=15664, stack(0x0000003577f00000,0x0000003578000000)]
  0x0000021531cb8500 JavaThread "Cache worker for execution history cache (C:\Users\92\Documents\FATIHOUNE\APPS\ky92\client\android\.gradle\8.3\executionHistory)" [_thread_blocked, id=4436, stack(0x0000003578900000,0x0000003578a00000)]
  0x0000021531cb8a10 JavaThread "Unconstrained build operations Thread 28" [_thread_blocked, id=18280, stack(0x0000003578a00000,0x0000003578b00000)]
  0x0000021531cba360 JavaThread "Unconstrained build operations Thread 29" [_thread_blocked, id=1716, stack(0x0000003578b00000,0x0000003578c00000)]
  0x0000021531cba870 JavaThread "Unconstrained build operations Thread 30" [_thread_blocked, id=17860, stack(0x0000003578c00000,0x0000003578d00000)]

Other Threads:
  0x0000021506ccab40 VMThread "VM Thread" [stack: 0x0000003573400000,0x0000003573500000] [id=16084]
  0x000002156910a410 WatcherThread [stack: 0x0000003574000000,0x0000003574100000] [id=15008]
  0x0000021569167440 GCTaskThread "GC Thread#0" [stack: 0x0000003572f00000,0x0000003573000000] [id=17596]
  0x00000215262c2a50 GCTaskThread "GC Thread#1" [stack: 0x0000003574200000,0x0000003574300000] [id=18276]
  0x00000215262c2d10 GCTaskThread "GC Thread#2" [stack: 0x0000003574300000,0x0000003574400000] [id=3904]
  0x000002152674ef20 GCTaskThread "GC Thread#3" [stack: 0x0000003574400000,0x0000003574500000] [id=13580]
  0x0000021569178140 ConcurrentGCThread "G1 Main Marker" [stack: 0x0000003573000000,0x0000003573100000] [id=17444]
  0x0000021569178900 ConcurrentGCThread "G1 Conc#0" [stack: 0x0000003573100000,0x0000003573200000] [id=13980]
  0x00000215691bda20 ConcurrentGCThread "G1 Refine#0" [stack: 0x0000003573200000,0x0000003573300000] [id=12220]
  0x00000215691be200 ConcurrentGCThread "G1 Service" [stack: 0x0000003573300000,0x0000003573400000] [id=12136]

Threads with active compile tasks:
C2 CompilerThread0    58703 16021   !   4       org.gradle.cache.internal.ExclusiveCacheAccessingWorker::read (42 bytes)
C2 CompilerThread1    58703 16020       4       org.gradle.cache.internal.ExclusiveCacheAccessingWorker$1::call (10 bytes)

VM state: not at safepoint (normal execution)

VM Mutex/Monitor currently owned by a thread: None

Heap address: 0x0000000080000000, size: 2048 MB, Compressed Oops mode: 32-bit

CDS archive(s) mapped at: [0x0000021507000000-0x0000021507bd0000-0x0000021507bd0000), size 12386304, SharedBaseAddress: 0x0000021507000000, ArchiveRelocationMode: 1.
Compressed class space mapped at: 0x0000021508000000-0x0000021522000000, reserved size: 436207616
Narrow klass base: 0x0000021507000000, Narrow klass shift: 0, Narrow klass range: 0x100000000

GC Precious Log:
 CPUs: 4 total, 4 available
 Memory: 11683M
 Large Page Support: Disabled
 NUMA Support: Disabled
 Compressed Oops: Enabled (32-bit)
 Heap Region Size: 1M
 Heap Min Capacity: 8M
 Heap Initial Capacity: 184M
 Heap Max Capacity: 2G
 Pre-touch: Disabled
 Parallel Workers: 4
 Concurrent Workers: 1
 Concurrent Refinement Workers: 4
 Periodic GC: Disabled

Heap:
 garbage-first heap   total 261120K, used 195977K [0x0000000080000000, 0x0000000100000000)
  region size 1024K, 12 young (12288K), 2 survivors (2048K)
 Metaspace       used 112916K, committed 114112K, reserved 557056K
  class space    used 15604K, committed 16128K, reserved 425984K

Heap Regions: E=young(eden), S=young(survivor), O=old, HS=humongous(starts), HC=humongous(continues), CS=collection set, F=free, OA=open archive, CA=closed archive, TAMS=top-at-mark-start (previous, next)
|   0|0x0000000080000000, 0x0000000080100000, 0x0000000080100000|100%| O|  |TAMS 0x0000000080100000, 0x0000000080000000| Untracked 
|   1|0x0000000080100000, 0x0000000080200000, 0x0000000080200000|100%| O|  |TAMS 0x0000000080200000, 0x0000000080100000| Untracked 
|   2|0x0000000080200000, 0x0000000080300000, 0x0000000080300000|100%|HS|  |TAMS 0x0000000080300000, 0x0000000080200000| Complete 
|   3|0x0000000080300000, 0x0000000080400000, 0x0000000080400000|100%|HC|  |TAMS 0x0000000080400000, 0x0000000080300000| Complete 
|   4|0x0000000080400000, 0x0000000080500000, 0x0000000080500000|100%|HC|  |TAMS 0x0000000080500000, 0x0000000080400000| Complete 
|   5|0x0000000080500000, 0x0000000080600000, 0x0000000080600000|100%|HC|  |TAMS 0x0000000080600000, 0x0000000080500000| Complete 
|   6|0x0000000080600000, 0x0000000080700000, 0x0000000080700000|100%| O|  |TAMS 0x0000000080700000, 0x0000000080600000| Untracked 
|   7|0x0000000080700000, 0x0000000080800000, 0x0000000080800000|100%| O|  |TAMS 0x0000000080800000, 0x0000000080700000| Untracked 
|   8|0x0000000080800000, 0x0000000080900000, 0x0000000080900000|100%| O|  |TAMS 0x0000000080900000, 0x0000000080800000| Untracked 
|   9|0x0000000080900000, 0x0000000080a00000, 0x0000000080a00000|100%| O|  |TAMS 0x0000000080a00000, 0x0000000080900000| Untracked 
|  10|0x0000000080a00000, 0x0000000080b00000, 0x0000000080b00000|100%| O|  |TAMS 0x0000000080b00000, 0x0000000080a00000| Untracked 
|  11|0x0000000080b00000, 0x0000000080c00000, 0x0000000080c00000|100%| O|  |TAMS 0x0000000080c00000, 0x0000000080b00000| Untracked 
|  12|0x0000000080c00000, 0x0000000080d00000, 0x0000000080d00000|100%| O|  |TAMS 0x0000000080d00000, 0x0000000080c00000| Untracked 
|  13|0x0000000080d00000, 0x0000000080e00000, 0x0000000080e00000|100%| O|  |TAMS 0x0000000080e00000, 0x0000000080d00000| Untracked 
|  14|0x0000000080e00000, 0x0000000080f00000, 0x0000000080f00000|100%| O|  |TAMS 0x0000000080f00000, 0x0000000080e00000| Untracked 
|  15|0x0000000080f00000, 0x0000000081000000, 0x0000000081000000|100%| O|  |TAMS 0x0000000081000000, 0x0000000080f00000| Untracked 
|  16|0x0000000081000000, 0x0000000081100000, 0x0000000081100000|100%| O|  |TAMS 0x0000000081100000, 0x0000000081000000| Untracked 
|  17|0x0000000081100000, 0x0000000081200000, 0x0000000081200000|100%| O|  |TAMS 0x0000000081200000, 0x0000000081100000| Untracked 
|  18|0x0000000081200000, 0x0000000081300000, 0x0000000081300000|100%| O|  |TAMS 0x0000000081300000, 0x0000000081200000| Untracked 
|  19|0x0000000081300000, 0x0000000081400000, 0x0000000081400000|100%| O|  |TAMS 0x0000000081400000, 0x0000000081300000| Untracked 
|  20|0x0000000081400000, 0x0000000081500000, 0x0000000081500000|100%| O|  |TAMS 0x0000000081500000, 0x0000000081400000| Untracked 
|  21|0x0000000081500000, 0x00000000815d6600, 0x0000000081600000| 83%| O|  |TAMS 0x00000000815d6600, 0x0000000081500000| Untracked 
|  22|0x0000000081600000, 0x0000000081700000, 0x0000000081700000|100%| O|  |TAMS 0x0000000081700000, 0x0000000081600000| Untracked 
|  23|0x0000000081700000, 0x0000000081800000, 0x0000000081800000|100%| O|  |TAMS 0x0000000081800000, 0x0000000081700000| Untracked 
|  24|0x0000000081800000, 0x0000000081900000, 0x0000000081900000|100%| O|  |TAMS 0x0000000081900000, 0x0000000081800000| Untracked 
|  25|0x0000000081900000, 0x0000000081a00000, 0x0000000081a00000|100%| O|  |TAMS 0x0000000081a00000, 0x0000000081900000| Untracked 
|  26|0x0000000081a00000, 0x0000000081b00000, 0x0000000081b00000|100%| O|  |TAMS 0x0000000081b00000, 0x0000000081a00000| Untracked 
|  27|0x0000000081b00000, 0x0000000081c00000, 0x0000000081c00000|100%| O|  |TAMS 0x0000000081c00000, 0x0000000081b00000| Untracked 
|  28|0x0000000081c00000, 0x0000000081d00000, 0x0000000081d00000|100%| O|  |TAMS 0x0000000081d00000, 0x0000000081c00000| Untracked 
|  29|0x0000000081d00000, 0x0000000081e00000, 0x0000000081e00000|100%| O|  |TAMS 0x0000000081e00000, 0x0000000081d00000| Untracked 
|  30|0x0000000081e00000, 0x0000000081f00000, 0x0000000081f00000|100%| O|  |TAMS 0x0000000081f00000, 0x0000000081e00000| Untracked 
|  31|0x0000000081f00000, 0x0000000082000000, 0x0000000082000000|100%| O|  |TAMS 0x0000000082000000, 0x0000000081f00000| Untracked 
|  32|0x0000000082000000, 0x0000000082100000, 0x0000000082100000|100%| O|  |TAMS 0x0000000082100000, 0x0000000082000000| Untracked 
|  33|0x0000000082100000, 0x0000000082200000, 0x0000000082200000|100%| O|  |TAMS 0x0000000082200000, 0x0000000082100000| Untracked 
|  34|0x0000000082200000, 0x0000000082300000, 0x0000000082300000|100%| O|  |TAMS 0x0000000082300000, 0x0000000082200000| Untracked 
|  35|0x0000000082300000, 0x0000000082400000, 0x0000000082400000|100%| O|  |TAMS 0x0000000082400000, 0x0000000082300000| Untracked 
|  36|0x0000000082400000, 0x0000000082500000, 0x0000000082500000|100%| O|  |TAMS 0x0000000082500000, 0x0000000082400000| Untracked 
|  37|0x0000000082500000, 0x0000000082600000, 0x0000000082600000|100%| O|  |TAMS 0x0000000082500000, 0x0000000082500000| Untracked 
|  38|0x0000000082600000, 0x0000000082700000, 0x0000000082700000|100%| O|  |TAMS 0x0000000082700000, 0x0000000082600000| Untracked 
|  39|0x0000000082700000, 0x0000000082800000, 0x0000000082800000|100%| O|  |TAMS 0x0000000082800000, 0x0000000082700000| Untracked 
|  40|0x0000000082800000, 0x0000000082900000, 0x0000000082900000|100%| O|  |TAMS 0x0000000082900000, 0x0000000082800000| Untracked 
|  41|0x0000000082900000, 0x0000000082a00000, 0x0000000082a00000|100%|HS|  |TAMS 0x0000000082a00000, 0x0000000082900000| Complete 
|  42|0x0000000082a00000, 0x0000000082b00000, 0x0000000082b00000|100%| O|  |TAMS 0x0000000082b00000, 0x0000000082a00000| Untracked 
|  43|0x0000000082b00000, 0x0000000082c00000, 0x0000000082c00000|100%| O|  |TAMS 0x0000000082c00000, 0x0000000082b00000| Untracked 
|  44|0x0000000082c00000, 0x0000000082d00000, 0x0000000082d00000|100%| O|  |TAMS 0x0000000082d00000, 0x0000000082c00000| Untracked 
|  45|0x0000000082d00000, 0x0000000082e00000, 0x0000000082e00000|100%| O|  |TAMS 0x0000000082e00000, 0x0000000082d00000| Untracked 
|  46|0x0000000082e00000, 0x0000000082f00000, 0x0000000082f00000|100%|HS|  |TAMS 0x0000000082f00000, 0x0000000082e00000| Complete 
|  47|0x0000000082f00000, 0x0000000083000000, 0x0000000083000000|100%|HC|  |TAMS 0x0000000083000000, 0x0000000082f00000| Complete 
|  48|0x0000000083000000, 0x0000000083100000, 0x0000000083100000|100%|HS|  |TAMS 0x0000000083100000, 0x0000000083000000| Complete 
|  49|0x0000000083100000, 0x0000000083200000, 0x0000000083200000|100%|HC|  |TAMS 0x0000000083200000, 0x0000000083100000| Complete 
|  50|0x0000000083200000, 0x0000000083300000, 0x0000000083300000|100%|HS|  |TAMS 0x0000000083300000, 0x0000000083200000| Complete 
|  51|0x0000000083300000, 0x0000000083400000, 0x0000000083400000|100%|HC|  |TAMS 0x0000000083400000, 0x0000000083300000| Complete 
|  52|0x0000000083400000, 0x0000000083500000, 0x0000000083500000|100%|HC|  |TAMS 0x0000000083500000, 0x0000000083400000| Complete 
|  53|0x0000000083500000, 0x0000000083600000, 0x0000000083600000|100%|HC|  |TAMS 0x0000000083600000, 0x0000000083500000| Complete 
|  54|0x0000000083600000, 0x0000000083700000, 0x0000000083700000|100%| O|  |TAMS 0x0000000083700000, 0x0000000083600000| Untracked 
|  55|0x0000000083700000, 0x0000000083800000, 0x0000000083800000|100%| O|  |TAMS 0x0000000083800000, 0x0000000083700000| Untracked 
|  56|0x0000000083800000, 0x0000000083900000, 0x0000000083900000|100%| O|  |TAMS 0x0000000083900000, 0x0000000083800000| Untracked 
|  57|0x0000000083900000, 0x0000000083a00000, 0x0000000083a00000|100%| O|  |TAMS 0x0000000083a00000, 0x0000000083900000| Untracked 
|  58|0x0000000083a00000, 0x0000000083b00000, 0x0000000083b00000|100%| O|  |TAMS 0x0000000083b00000, 0x0000000083a00000| Untracked 
|  59|0x0000000083b00000, 0x0000000083c00000, 0x0000000083c00000|100%| O|  |TAMS 0x0000000083c00000, 0x0000000083b00000| Untracked 
|  60|0x0000000083c00000, 0x0000000083d00000, 0x0000000083d00000|100%|HS|  |TAMS 0x0000000083d00000, 0x0000000083c00000| Complete 
|  61|0x0000000083d00000, 0x0000000083e00000, 0x0000000083e00000|100%|HC|  |TAMS 0x0000000083e00000, 0x0000000083d00000| Complete 
|  62|0x0000000083e00000, 0x0000000083f00000, 0x0000000083f00000|100%|HC|  |TAMS 0x0000000083f00000, 0x0000000083e00000| Complete 
|  63|0x0000000083f00000, 0x0000000084000000, 0x0000000084000000|100%|HC|  |TAMS 0x0000000084000000, 0x0000000083f00000| Complete 
|  64|0x0000000084000000, 0x0000000084100000, 0x0000000084100000|100%| O|  |TAMS 0x0000000084100000, 0x0000000084000000| Untracked 
|  65|0x0000000084100000, 0x0000000084200000, 0x0000000084200000|100%| O|  |TAMS 0x0000000084200000, 0x0000000084100000| Untracked 
|  66|0x0000000084200000, 0x0000000084300000, 0x0000000084300000|100%|HS|  |TAMS 0x0000000084300000, 0x0000000084200000| Complete 
|  67|0x0000000084300000, 0x0000000084400000, 0x0000000084400000|100%|HS|  |TAMS 0x0000000084400000, 0x0000000084300000| Complete 
|  68|0x0000000084400000, 0x0000000084500000, 0x0000000084500000|100%| O|  |TAMS 0x0000000084500000, 0x0000000084400000| Untracked 
|  69|0x0000000084500000, 0x0000000084600000, 0x0000000084600000|100%|HS|  |TAMS 0x0000000084600000, 0x0000000084500000| Complete 
|  70|0x0000000084600000, 0x0000000084700000, 0x0000000084700000|100%| O|  |TAMS 0x0000000084700000, 0x0000000084600000| Untracked 
|  71|0x0000000084700000, 0x0000000084800000, 0x0000000084800000|100%| O|  |TAMS 0x0000000084800000, 0x0000000084700000| Untracked 
|  72|0x0000000084800000, 0x0000000084900000, 0x0000000084900000|100%| O|  |TAMS 0x0000000084900000, 0x0000000084800000| Untracked 
|  73|0x0000000084900000, 0x0000000084a00000, 0x0000000084a00000|100%| O|  |TAMS 0x0000000084a00000, 0x0000000084900000| Untracked 
|  74|0x0000000084a00000, 0x0000000084b00000, 0x0000000084b00000|100%| O|  |TAMS 0x0000000084b00000, 0x0000000084a00000| Untracked 
|  75|0x0000000084b00000, 0x0000000084c00000, 0x0000000084c00000|100%| O|  |TAMS 0x0000000084c00000, 0x0000000084b00000| Untracked 
|  76|0x0000000084c00000, 0x0000000084d00000, 0x0000000084d00000|100%| O|  |TAMS 0x0000000084d00000, 0x0000000084c00000| Untracked 
|  77|0x0000000084d00000, 0x0000000084e00000, 0x0000000084e00000|100%| O|  |TAMS 0x0000000084e00000, 0x0000000084d00000| Untracked 
|  78|0x0000000084e00000, 0x0000000084f00000, 0x0000000084f00000|100%| O|  |TAMS 0x0000000084f00000, 0x0000000084e00000| Untracked 
|  79|0x0000000084f00000, 0x0000000085000000, 0x0000000085000000|100%| O|  |TAMS 0x0000000085000000, 0x0000000084f00000| Untracked 
|  80|0x0000000085000000, 0x0000000085100000, 0x0000000085100000|100%| O|  |TAMS 0x0000000085100000, 0x0000000085000000| Untracked 
|  81|0x0000000085100000, 0x0000000085200000, 0x0000000085200000|100%| O|  |TAMS 0x0000000085200000, 0x0000000085100000| Untracked 
|  82|0x0000000085200000, 0x0000000085300000, 0x0000000085300000|100%| O|  |TAMS 0x0000000085300000, 0x0000000085200000| Untracked 
|  83|0x0000000085300000, 0x0000000085400000, 0x0000000085400000|100%| O|  |TAMS 0x0000000085400000, 0x0000000085300000| Untracked 
|  84|0x0000000085400000, 0x0000000085500000, 0x0000000085500000|100%| O|  |TAMS 0x0000000085500000, 0x0000000085400000| Untracked 
|  85|0x0000000085500000, 0x0000000085600000, 0x0000000085600000|100%| O|  |TAMS 0x0000000085600000, 0x0000000085500000| Untracked 
|  86|0x0000000085600000, 0x0000000085700000, 0x0000000085700000|100%| O|  |TAMS 0x0000000085700000, 0x0000000085600000| Untracked 
|  87|0x0000000085700000, 0x0000000085800000, 0x0000000085800000|100%| O|  |TAMS 0x0000000085800000, 0x0000000085700000| Untracked 
|  88|0x0000000085800000, 0x0000000085900000, 0x0000000085900000|100%| O|  |TAMS 0x0000000085900000, 0x0000000085800000| Untracked 
|  89|0x0000000085900000, 0x0000000085a00000, 0x0000000085a00000|100%| O|  |TAMS 0x0000000085a00000, 0x0000000085900000| Untracked 
|  90|0x0000000085a00000, 0x0000000085b00000, 0x0000000085b00000|100%| O|  |TAMS 0x0000000085b00000, 0x0000000085a00000| Untracked 
|  91|0x0000000085b00000, 0x0000000085c00000, 0x0000000085c00000|100%| O|  |TAMS 0x0000000085c00000, 0x0000000085b00000| Untracked 
|  92|0x0000000085c00000, 0x0000000085d00000, 0x0000000085d00000|100%| O|  |TAMS 0x0000000085d00000, 0x0000000085c00000| Untracked 
|  93|0x0000000085d00000, 0x0000000085e00000, 0x0000000085e00000|100%| O|  |TAMS 0x0000000085e00000, 0x0000000085d00000| Untracked 
|  94|0x0000000085e00000, 0x0000000085f00000, 0x0000000085f00000|100%| O|  |TAMS 0x0000000085f00000, 0x0000000085e00000| Untracked 
|  95|0x0000000085f00000, 0x0000000086000000, 0x0000000086000000|100%|HS|  |TAMS 0x0000000086000000, 0x0000000085f00000| Complete 
|  96|0x0000000086000000, 0x0000000086100000, 0x0000000086100000|100%|HC|  |TAMS 0x0000000086100000, 0x0000000086000000| Complete 
|  97|0x0000000086100000, 0x0000000086200000, 0x0000000086200000|100%|HS|  |TAMS 0x0000000086200000, 0x0000000086100000| Complete 
|  98|0x0000000086200000, 0x0000000086300000, 0x0000000086300000|100%|HC|  |TAMS 0x0000000086300000, 0x0000000086200000| Complete 
|  99|0x0000000086300000, 0x0000000086400000, 0x0000000086400000|100%| O|  |TAMS 0x0000000086400000, 0x0000000086300000| Untracked 
| 100|0x0000000086400000, 0x0000000086500000, 0x0000000086500000|100%| O|  |TAMS 0x0000000086500000, 0x0000000086400000| Untracked 
| 101|0x0000000086500000, 0x0000000086600000, 0x0000000086600000|100%| O|  |TAMS 0x0000000086600000, 0x0000000086500000| Untracked 
| 102|0x0000000086600000, 0x0000000086700000, 0x0000000086700000|100%| O|  |TAMS 0x0000000086700000, 0x0000000086600000| Untracked 
| 103|0x0000000086700000, 0x0000000086800000, 0x0000000086800000|100%| O|  |TAMS 0x0000000086800000, 0x0000000086700000| Untracked 
| 104|0x0000000086800000, 0x0000000086900000, 0x0000000086900000|100%| O|  |TAMS 0x0000000086900000, 0x0000000086800000| Untracked 
| 105|0x0000000086900000, 0x0000000086a00000, 0x0000000086a00000|100%| O|  |TAMS 0x0000000086a00000, 0x0000000086900000| Untracked 
| 106|0x0000000086a00000, 0x0000000086b00000, 0x0000000086b00000|100%| O|  |TAMS 0x0000000086b00000, 0x0000000086a00000| Untracked 
| 107|0x0000000086b00000, 0x0000000086c00000, 0x0000000086c00000|100%| O|  |TAMS 0x0000000086c00000, 0x0000000086b00000| Untracked 
| 108|0x0000000086c00000, 0x0000000086d00000, 0x0000000086d00000|100%| O|  |TAMS 0x0000000086d00000, 0x0000000086c00000| Untracked 
| 109|0x0000000086d00000, 0x0000000086e00000, 0x0000000086e00000|100%| O|  |TAMS 0x0000000086e00000, 0x0000000086d00000| Untracked 
| 110|0x0000000086e00000, 0x0000000086f00000, 0x0000000086f00000|100%| O|  |TAMS 0x0000000086f00000, 0x0000000086e00000| Untracked 
| 111|0x0000000086f00000, 0x0000000087000000, 0x0000000087000000|100%| O|  |TAMS 0x0000000087000000, 0x0000000086f00000| Untracked 
| 112|0x0000000087000000, 0x0000000087100000, 0x0000000087100000|100%| O|  |TAMS 0x0000000087100000, 0x0000000087000000| Untracked 
| 113|0x0000000087100000, 0x0000000087200000, 0x0000000087200000|100%| O|  |TAMS 0x0000000087100000, 0x0000000087100000| Untracked 
| 114|0x0000000087200000, 0x0000000087300000, 0x0000000087300000|100%|HS|  |TAMS 0x0000000087300000, 0x0000000087200000| Complete 
| 115|0x0000000087300000, 0x0000000087400000, 0x0000000087400000|100%|HS|  |TAMS 0x0000000087400000, 0x0000000087300000| Complete 
| 116|0x0000000087400000, 0x0000000087500000, 0x0000000087500000|100%|HS|  |TAMS 0x0000000087400000, 0x0000000087400000| Complete 
| 117|0x0000000087500000, 0x0000000087600000, 0x0000000087600000|100%|HS|  |TAMS 0x0000000087600000, 0x0000000087500000| Complete 
| 118|0x0000000087600000, 0x0000000087700000, 0x0000000087700000|100%|HC|  |TAMS 0x0000000087700000, 0x0000000087600000| Complete 
| 119|0x0000000087700000, 0x0000000087800000, 0x0000000087800000|100%|HS|  |TAMS 0x0000000087800000, 0x0000000087700000| Complete 
| 120|0x0000000087800000, 0x0000000087900000, 0x0000000087900000|100%| O|  |TAMS 0x0000000087800000, 0x0000000087800000| Untracked 
| 121|0x0000000087900000, 0x0000000087a00000, 0x0000000087a00000|100%| O|  |TAMS 0x0000000087900000, 0x0000000087900000| Untracked 
| 122|0x0000000087a00000, 0x0000000087b00000, 0x0000000087b00000|100%| O|  |TAMS 0x0000000087a00000, 0x0000000087a00000| Untracked 
| 123|0x0000000087b00000, 0x0000000087c00000, 0x0000000087c00000|100%| O|  |TAMS 0x0000000087b00000, 0x0000000087b00000| Untracked 
| 124|0x0000000087c00000, 0x0000000087d00000, 0x0000000087d00000|100%| O|  |TAMS 0x0000000087c00000, 0x0000000087c00000| Untracked 
| 125|0x0000000087d00000, 0x0000000087e00000, 0x0000000087e00000|100%| O|  |TAMS 0x0000000087d00000, 0x0000000087d00000| Untracked 
| 126|0x0000000087e00000, 0x0000000087f00000, 0x0000000087f00000|100%|HS|  |TAMS 0x0000000087e00000, 0x0000000087e00000| Complete 
| 127|0x0000000087f00000, 0x0000000088000000, 0x0000000088000000|100%| O|  |TAMS 0x0000000087f00000, 0x0000000087f00000| Untracked 
| 128|0x0000000088000000, 0x0000000088100000, 0x0000000088100000|100%| O|  |TAMS 0x0000000088000000, 0x0000000088000000| Untracked 
| 129|0x0000000088100000, 0x0000000088200000, 0x0000000088200000|100%| O|  |TAMS 0x0000000088100000, 0x0000000088100000| Untracked 
| 130|0x0000000088200000, 0x0000000088300000, 0x0000000088300000|100%| O|  |TAMS 0x0000000088200000, 0x0000000088200000| Untracked 
| 131|0x0000000088300000, 0x0000000088400000, 0x0000000088400000|100%| O|  |TAMS 0x0000000088300000, 0x0000000088300000| Untracked 
| 132|0x0000000088400000, 0x0000000088500000, 0x0000000088500000|100%| O|  |TAMS 0x0000000088400000, 0x0000000088400000| Untracked 
| 133|0x0000000088500000, 0x0000000088600000, 0x0000000088600000|100%| O|  |TAMS 0x0000000088500000, 0x0000000088500000| Untracked 
| 134|0x0000000088600000, 0x0000000088700000, 0x0000000088700000|100%| O|  |TAMS 0x0000000088600000, 0x0000000088600000| Untracked 
| 135|0x0000000088700000, 0x0000000088800000, 0x0000000088800000|100%| O|  |TAMS 0x0000000088700000, 0x0000000088700000| Untracked 
| 136|0x0000000088800000, 0x0000000088900000, 0x0000000088900000|100%| O|  |TAMS 0x0000000088800000, 0x0000000088800000| Untracked 
| 137|0x0000000088900000, 0x0000000088a00000, 0x0000000088a00000|100%| O|  |TAMS 0x0000000088900000, 0x0000000088900000| Untracked 
| 138|0x0000000088a00000, 0x0000000088b00000, 0x0000000088b00000|100%| O|  |TAMS 0x0000000088a00000, 0x0000000088a00000| Untracked 
| 139|0x0000000088b00000, 0x0000000088c00000, 0x0000000088c00000|100%| O|  |TAMS 0x0000000088b00000, 0x0000000088b00000| Untracked 
| 140|0x0000000088c00000, 0x0000000088d00000, 0x0000000088d00000|100%| O|  |TAMS 0x0000000088c00000, 0x0000000088c00000| Untracked 
| 141|0x0000000088d00000, 0x0000000088e00000, 0x0000000088e00000|100%| O|  |TAMS 0x0000000088d00000, 0x0000000088d00000| Untracked 
| 142|0x0000000088e00000, 0x0000000088f00000, 0x0000000088f00000|100%| O|  |TAMS 0x0000000088e00000, 0x0000000088e00000| Untracked 
| 143|0x0000000088f00000, 0x0000000089000000, 0x0000000089000000|100%| O|  |TAMS 0x0000000088f00000, 0x0000000088f00000| Untracked 
| 144|0x0000000089000000, 0x0000000089100000, 0x0000000089100000|100%| O|  |TAMS 0x0000000089000000, 0x0000000089000000| Untracked 
| 145|0x0000000089100000, 0x0000000089200000, 0x0000000089200000|100%| O|  |TAMS 0x0000000089100000, 0x0000000089100000| Untracked 
| 146|0x0000000089200000, 0x0000000089300000, 0x0000000089300000|100%| O|  |TAMS 0x0000000089200000, 0x0000000089200000| Untracked 
| 147|0x0000000089300000, 0x0000000089400000, 0x0000000089400000|100%| O|  |TAMS 0x0000000089300000, 0x0000000089300000| Untracked 
| 148|0x0000000089400000, 0x0000000089500000, 0x0000000089500000|100%| O|  |TAMS 0x0000000089400000, 0x0000000089400000| Untracked 
| 149|0x0000000089500000, 0x0000000089600000, 0x0000000089600000|100%| O|  |TAMS 0x0000000089500000, 0x0000000089500000| Untracked 
| 150|0x0000000089600000, 0x0000000089700000, 0x0000000089700000|100%| O|  |TAMS 0x0000000089600000, 0x0000000089600000| Untracked 
| 151|0x0000000089700000, 0x0000000089800000, 0x0000000089800000|100%| O|  |TAMS 0x0000000089700000, 0x0000000089700000| Untracked 
| 152|0x0000000089800000, 0x0000000089900000, 0x0000000089900000|100%| O|  |TAMS 0x0000000089800000, 0x0000000089800000| Untracked 
| 153|0x0000000089900000, 0x0000000089a00000, 0x0000000089a00000|100%| O|  |TAMS 0x0000000089900000, 0x0000000089900000| Untracked 
| 154|0x0000000089a00000, 0x0000000089b00000, 0x0000000089b00000|100%| O|  |TAMS 0x0000000089a00000, 0x0000000089a00000| Untracked 
| 155|0x0000000089b00000, 0x0000000089c00000, 0x0000000089c00000|100%| O|  |TAMS 0x0000000089b00000, 0x0000000089b00000| Untracked 
| 156|0x0000000089c00000, 0x0000000089d00000, 0x0000000089d00000|100%| O|  |TAMS 0x0000000089c00000, 0x0000000089c00000| Untracked 
| 157|0x0000000089d00000, 0x0000000089e00000, 0x0000000089e00000|100%| O|  |TAMS 0x0000000089d00000, 0x0000000089d00000| Untracked 
| 158|0x0000000089e00000, 0x0000000089f00000, 0x0000000089f00000|100%| O|  |TAMS 0x0000000089e00000, 0x0000000089e00000| Untracked 
| 159|0x0000000089f00000, 0x000000008a000000, 0x000000008a000000|100%| O|  |TAMS 0x0000000089f00000, 0x0000000089f00000| Untracked 
| 160|0x000000008a000000, 0x000000008a100000, 0x000000008a100000|100%| O|  |TAMS 0x000000008a000000, 0x000000008a000000| Untracked 
| 161|0x000000008a100000, 0x000000008a200000, 0x000000008a200000|100%| O|  |TAMS 0x000000008a100000, 0x000000008a100000| Untracked 
| 162|0x000000008a200000, 0x000000008a300000, 0x000000008a300000|100%| O|  |TAMS 0x000000008a200000, 0x000000008a200000| Untracked 
| 163|0x000000008a300000, 0x000000008a400000, 0x000000008a400000|100%| O|  |TAMS 0x000000008a300000, 0x000000008a300000| Untracked 
| 164|0x000000008a400000, 0x000000008a500000, 0x000000008a500000|100%| O|  |TAMS 0x000000008a400000, 0x000000008a400000| Untracked 
| 165|0x000000008a500000, 0x000000008a600000, 0x000000008a600000|100%| O|  |TAMS 0x000000008a500000, 0x000000008a500000| Untracked 
| 166|0x000000008a600000, 0x000000008a700000, 0x000000008a700000|100%| O|  |TAMS 0x000000008a600000, 0x000000008a600000| Untracked 
| 167|0x000000008a700000, 0x000000008a800000, 0x000000008a800000|100%| O|  |TAMS 0x000000008a700000, 0x000000008a700000| Untracked 
| 168|0x000000008a800000, 0x000000008a900000, 0x000000008a900000|100%| O|  |TAMS 0x000000008a800000, 0x000000008a800000| Untracked 
| 169|0x000000008a900000, 0x000000008aa00000, 0x000000008aa00000|100%| O|  |TAMS 0x000000008a900000, 0x000000008a900000| Untracked 
| 170|0x000000008aa00000, 0x000000008ab00000, 0x000000008ab00000|100%| O|  |TAMS 0x000000008aa00000, 0x000000008aa00000| Untracked 
| 171|0x000000008ab00000, 0x000000008ac00000, 0x000000008ac00000|100%| O|  |TAMS 0x000000008ab00000, 0x000000008ab00000| Untracked 
| 172|0x000000008ac00000, 0x000000008ad00000, 0x000000008ad00000|100%| O|  |TAMS 0x000000008ac00000, 0x000000008ac00000| Untracked 
| 173|0x000000008ad00000, 0x000000008ae00000, 0x000000008ae00000|100%| O|  |TAMS 0x000000008ad00000, 0x000000008ad00000| Untracked 
| 174|0x000000008ae00000, 0x000000008af00000, 0x000000008af00000|100%| O|  |TAMS 0x000000008ae00000, 0x000000008ae00000| Untracked 
| 175|0x000000008af00000, 0x000000008b000000, 0x000000008b000000|100%| O|  |TAMS 0x000000008af00000, 0x000000008af00000| Untracked 
| 176|0x000000008b000000, 0x000000008b100000, 0x000000008b100000|100%| O|  |TAMS 0x000000008b000000, 0x000000008b000000| Untracked 
| 177|0x000000008b100000, 0x000000008b200000, 0x000000008b200000|100%| O|  |TAMS 0x000000008b100000, 0x000000008b100000| Untracked 
| 178|0x000000008b200000, 0x000000008b300000, 0x000000008b300000|100%| O|  |TAMS 0x000000008b200000, 0x000000008b200000| Untracked 
| 179|0x000000008b300000, 0x000000008b400000, 0x000000008b400000|100%| O|  |TAMS 0x000000008b300000, 0x000000008b300000| Untracked 
| 180|0x000000008b400000, 0x000000008b4b4a00, 0x000000008b500000| 70%| O|  |TAMS 0x000000008b400000, 0x000000008b400000| Untracked 
| 181|0x000000008b500000, 0x000000008b500000, 0x000000008b600000|  0%| F|  |TAMS 0x000000008b500000, 0x000000008b500000| Untracked 
| 182|0x000000008b600000, 0x000000008b600000, 0x000000008b700000|  0%| F|  |TAMS 0x000000008b600000, 0x000000008b600000| Untracked 
| 183|0x000000008b700000, 0x000000008b700000, 0x000000008b800000|  0%| F|  |TAMS 0x000000008b700000, 0x000000008b700000| Untracked 
| 184|0x000000008b800000, 0x000000008b800000, 0x000000008b900000|  0%| F|  |TAMS 0x000000008b800000, 0x000000008b800000| Untracked 
| 185|0x000000008b900000, 0x000000008b900000, 0x000000008ba00000|  0%| F|  |TAMS 0x000000008b900000, 0x000000008b900000| Untracked 
| 186|0x000000008ba00000, 0x000000008ba00000, 0x000000008bb00000|  0%| F|  |TAMS 0x000000008ba00000, 0x000000008ba00000| Untracked 
| 187|0x000000008bb00000, 0x000000008bb00000, 0x000000008bc00000|  0%| F|  |TAMS 0x000000008bb00000, 0x000000008bb00000| Untracked 
| 188|0x000000008bc00000, 0x000000008bc00000, 0x000000008bd00000|  0%| F|  |TAMS 0x000000008bc00000, 0x000000008bc00000| Untracked 
| 189|0x000000008bd00000, 0x000000008bd00000, 0x000000008be00000|  0%| F|  |TAMS 0x000000008bd00000, 0x000000008bd00000| Untracked 
| 190|0x000000008be00000, 0x000000008be00000, 0x000000008bf00000|  0%| F|  |TAMS 0x000000008be00000, 0x000000008be00000| Untracked 
| 191|0x000000008bf00000, 0x000000008bf00000, 0x000000008c000000|  0%| F|  |TAMS 0x000000008bf00000, 0x000000008bf00000| Untracked 
| 192|0x000000008c000000, 0x000000008c000000, 0x000000008c100000|  0%| F|  |TAMS 0x000000008c000000, 0x000000008c000000| Untracked 
| 193|0x000000008c100000, 0x000000008c100000, 0x000000008c200000|  0%| F|  |TAMS 0x000000008c100000, 0x000000008c100000| Untracked 
| 194|0x000000008c200000, 0x000000008c200000, 0x000000008c300000|  0%| F|  |TAMS 0x000000008c200000, 0x000000008c200000| Untracked 
| 195|0x000000008c300000, 0x000000008c300000, 0x000000008c400000|  0%| F|  |TAMS 0x000000008c300000, 0x000000008c300000| Untracked 
| 196|0x000000008c400000, 0x000000008c400000, 0x000000008c500000|  0%| F|  |TAMS 0x000000008c400000, 0x000000008c400000| Untracked 
| 197|0x000000008c500000, 0x000000008c500000, 0x000000008c600000|  0%| F|  |TAMS 0x000000008c500000, 0x000000008c500000| Untracked 
| 198|0x000000008c600000, 0x000000008c600000, 0x000000008c700000|  0%| F|  |TAMS 0x000000008c600000, 0x000000008c600000| Untracked 
| 199|0x000000008c700000, 0x000000008c700000, 0x000000008c800000|  0%| F|  |TAMS 0x000000008c700000, 0x000000008c700000| Untracked 
| 200|0x000000008c800000, 0x000000008c800000, 0x000000008c900000|  0%| F|  |TAMS 0x000000008c800000, 0x000000008c800000| Untracked 
| 201|0x000000008c900000, 0x000000008c900000, 0x000000008ca00000|  0%| F|  |TAMS 0x000000008c900000, 0x000000008c900000| Untracked 
| 202|0x000000008ca00000, 0x000000008ca00000, 0x000000008cb00000|  0%| F|  |TAMS 0x000000008ca00000, 0x000000008ca00000| Untracked 
| 203|0x000000008cb00000, 0x000000008cb00000, 0x000000008cc00000|  0%| F|  |TAMS 0x000000008cb00000, 0x000000008cb00000| Untracked 
| 204|0x000000008cc00000, 0x000000008cc00000, 0x000000008cd00000|  0%| F|  |TAMS 0x000000008cc00000, 0x000000008cc00000| Untracked 
| 205|0x000000008cd00000, 0x000000008cd00000, 0x000000008ce00000|  0%| F|  |TAMS 0x000000008cd00000, 0x000000008cd00000| Untracked 
| 206|0x000000008ce00000, 0x000000008ce00000, 0x000000008cf00000|  0%| F|  |TAMS 0x000000008ce00000, 0x000000008ce00000| Untracked 
| 207|0x000000008cf00000, 0x000000008cf00000, 0x000000008d000000|  0%| F|  |TAMS 0x000000008cf00000, 0x000000008cf00000| Untracked 
| 208|0x000000008d000000, 0x000000008d000000, 0x000000008d100000|  0%| F|  |TAMS 0x000000008d000000, 0x000000008d000000| Untracked 
| 209|0x000000008d100000, 0x000000008d100000, 0x000000008d200000|  0%| F|  |TAMS 0x000000008d100000, 0x000000008d100000| Untracked 
| 210|0x000000008d200000, 0x000000008d200000, 0x000000008d300000|  0%| F|  |TAMS 0x000000008d200000, 0x000000008d200000| Untracked 
| 211|0x000000008d300000, 0x000000008d300000, 0x000000008d400000|  0%| F|  |TAMS 0x000000008d300000, 0x000000008d300000| Untracked 
| 212|0x000000008d400000, 0x000000008d400000, 0x000000008d500000|  0%| F|  |TAMS 0x000000008d400000, 0x000000008d400000| Untracked 
| 213|0x000000008d500000, 0x000000008d500000, 0x000000008d600000|  0%| F|  |TAMS 0x000000008d500000, 0x000000008d500000| Untracked 
| 214|0x000000008d600000, 0x000000008d600000, 0x000000008d700000|  0%| F|  |TAMS 0x000000008d600000, 0x000000008d600000| Untracked 
| 215|0x000000008d700000, 0x000000008d700000, 0x000000008d800000|  0%| F|  |TAMS 0x000000008d700000, 0x000000008d700000| Untracked 
| 216|0x000000008d800000, 0x000000008d800000, 0x000000008d900000|  0%| F|  |TAMS 0x000000008d800000, 0x000000008d800000| Untracked 
| 217|0x000000008d900000, 0x000000008d900000, 0x000000008da00000|  0%| F|  |TAMS 0x000000008d900000, 0x000000008d900000| Untracked 
| 218|0x000000008da00000, 0x000000008da00000, 0x000000008db00000|  0%| F|  |TAMS 0x000000008da00000, 0x000000008da00000| Untracked 
| 219|0x000000008db00000, 0x000000008dbd76d0, 0x000000008dc00000| 84%| S|CS|TAMS 0x000000008db00000, 0x000000008db00000| Complete 
| 220|0x000000008dc00000, 0x000000008dd00000, 0x000000008dd00000|100%| S|CS|TAMS 0x000000008dc00000, 0x000000008dc00000| Complete 
| 221|0x000000008dd00000, 0x000000008dd00000, 0x000000008de00000|  0%| F|  |TAMS 0x000000008dd00000, 0x000000008dd00000| Untracked 
| 222|0x000000008de00000, 0x000000008de00000, 0x000000008df00000|  0%| F|  |TAMS 0x000000008de00000, 0x000000008de00000| Untracked 
| 223|0x000000008df00000, 0x000000008df00000, 0x000000008e000000|  0%| F|  |TAMS 0x000000008df00000, 0x000000008df00000| Untracked 
| 224|0x000000008e000000, 0x000000008e000000, 0x000000008e100000|  0%| F|  |TAMS 0x000000008e000000, 0x000000008e000000| Untracked 
| 225|0x000000008e100000, 0x000000008e100000, 0x000000008e200000|  0%| F|  |TAMS 0x000000008e100000, 0x000000008e100000| Untracked 
| 226|0x000000008e200000, 0x000000008e200000, 0x000000008e300000|  0%| F|  |TAMS 0x000000008e200000, 0x000000008e200000| Untracked 
| 227|0x000000008e300000, 0x000000008e300000, 0x000000008e400000|  0%| F|  |TAMS 0x000000008e300000, 0x000000008e300000| Untracked 
| 228|0x000000008e400000, 0x000000008e400000, 0x000000008e500000|  0%| F|  |TAMS 0x000000008e400000, 0x000000008e400000| Untracked 
| 229|0x000000008e500000, 0x000000008e500000, 0x000000008e600000|  0%| F|  |TAMS 0x000000008e500000, 0x000000008e500000| Untracked 
| 230|0x000000008e600000, 0x000000008e600000, 0x000000008e700000|  0%| F|  |TAMS 0x000000008e600000, 0x000000008e600000| Untracked 
| 231|0x000000008e700000, 0x000000008e700000, 0x000000008e800000|  0%| F|  |TAMS 0x000000008e700000, 0x000000008e700000| Untracked 
| 232|0x000000008e800000, 0x000000008e800000, 0x000000008e900000|  0%| F|  |TAMS 0x000000008e800000, 0x000000008e800000| Untracked 
| 233|0x000000008e900000, 0x000000008e900000, 0x000000008ea00000|  0%| F|  |TAMS 0x000000008e900000, 0x000000008e900000| Untracked 
| 234|0x000000008ea00000, 0x000000008ea00000, 0x000000008eb00000|  0%| F|  |TAMS 0x000000008ea00000, 0x000000008ea00000| Untracked 
| 235|0x000000008eb00000, 0x000000008eb00000, 0x000000008ec00000|  0%| F|  |TAMS 0x000000008eb00000, 0x000000008eb00000| Untracked 
| 236|0x000000008ec00000, 0x000000008ec00000, 0x000000008ed00000|  0%| F|  |TAMS 0x000000008ec00000, 0x000000008ec00000| Untracked 
| 237|0x000000008ed00000, 0x000000008ed00000, 0x000000008ee00000|  0%| F|  |TAMS 0x000000008ed00000, 0x000000008ed00000| Untracked 
| 238|0x000000008ee00000, 0x000000008ee00000, 0x000000008ef00000|  0%| F|  |TAMS 0x000000008ee00000, 0x000000008ee00000| Untracked 
| 239|0x000000008ef00000, 0x000000008ef00000, 0x000000008f000000|  0%| F|  |TAMS 0x000000008ef00000, 0x000000008ef00000| Untracked 
| 240|0x000000008f000000, 0x000000008f000000, 0x000000008f100000|  0%| F|  |TAMS 0x000000008f000000, 0x000000008f000000| Untracked 
| 241|0x000000008f100000, 0x000000008f100000, 0x000000008f200000|  0%| F|  |TAMS 0x000000008f100000, 0x000000008f100000| Untracked 
| 242|0x000000008f200000, 0x000000008f200000, 0x000000008f300000|  0%| F|  |TAMS 0x000000008f200000, 0x000000008f200000| Untracked 
| 243|0x000000008f300000, 0x000000008f300000, 0x000000008f400000|  0%| F|  |TAMS 0x000000008f300000, 0x000000008f300000| Untracked 
| 244|0x000000008f400000, 0x000000008f400000, 0x000000008f500000|  0%| F|  |TAMS 0x000000008f400000, 0x000000008f400000| Untracked 
| 245|0x000000008f500000, 0x000000008f552440, 0x000000008f600000| 32%| E|  |TAMS 0x000000008f500000, 0x000000008f500000| Complete 
| 246|0x000000008f600000, 0x000000008f700000, 0x000000008f700000|100%| E|CS|TAMS 0x000000008f600000, 0x000000008f600000| Complete 
| 247|0x000000008f700000, 0x000000008f800000, 0x000000008f800000|100%| E|CS|TAMS 0x000000008f700000, 0x000000008f700000| Complete 
| 248|0x000000008f800000, 0x000000008f900000, 0x000000008f900000|100%| E|CS|TAMS 0x000000008f800000, 0x000000008f800000| Complete 
| 249|0x000000008f900000, 0x000000008fa00000, 0x000000008fa00000|100%| E|CS|TAMS 0x000000008f900000, 0x000000008f900000| Complete 
| 250|0x000000008fa00000, 0x000000008fb00000, 0x000000008fb00000|100%| E|CS|TAMS 0x000000008fa00000, 0x000000008fa00000| Complete 
| 251|0x000000008fb00000, 0x000000008fc00000, 0x000000008fc00000|100%| E|CS|TAMS 0x000000008fb00000, 0x000000008fb00000| Complete 
| 252|0x000000008fc00000, 0x000000008fd00000, 0x000000008fd00000|100%| E|CS|TAMS 0x000000008fc00000, 0x000000008fc00000| Complete 
| 253|0x000000008fd00000, 0x000000008fe00000, 0x000000008fe00000|100%| E|CS|TAMS 0x000000008fd00000, 0x000000008fd00000| Complete 
| 254|0x000000008fe00000, 0x000000008ff00000, 0x000000008ff00000|100%| E|CS|TAMS 0x000000008fe00000, 0x000000008fe00000| Complete 

Card table byte_map: [0x0000021500000000,0x0000021500400000] _byte_map_base: 0x00000214ffc00000

Marking Bits (Prev, Next): (CMBitMap*) 0x0000021569167810, (CMBitMap*) 0x0000021569167850
 Prev Bits: [0x0000021500800000, 0x0000021502800000)
 Next Bits: [0x0000021502800000, 0x0000021504800000)

Polling page: 0x0000021566ed0000

Metaspace:

Usage:
  Non-class:     95.03 MB used.
      Class:     15.24 MB used.
       Both:    110.27 MB used.

Virtual space:
  Non-class space:      128.00 MB reserved,      95.69 MB ( 75%) committed,  2 nodes.
      Class space:      416.00 MB reserved,      15.75 MB (  4%) committed,  1 nodes.
             Both:      544.00 MB reserved,     111.44 MB ( 20%) committed. 

Chunk freelists:
   Non-Class:  15.70 MB
       Class:  256.00 KB
        Both:  15.95 MB

MaxMetaspaceSize: 512.00 MB
CompressedClassSpaceSize: 416.00 MB
Initial GC threshold: 21.00 MB
Current GC threshold: 171.81 MB
CDS: on
MetaspaceReclaimPolicy: balanced
 - commit_granule_bytes: 65536.
 - commit_granule_words: 8192.
 - virtual_space_node_default_size: 8388608.
 - enlarge_chunks_in_place: 1.
 - new_chunks_are_fully_committed: 0.
 - uncommit_free_chunks: 1.
 - use_allocation_guard: 0.
 - handle_deallocations: 1.


Internal statistics:

num_allocs_failed_limit: 6.
num_arena_births: 1504.
num_arena_deaths: 0.
num_vsnodes_births: 3.
num_vsnodes_deaths: 0.
num_space_committed: 1783.
num_space_uncommitted: 0.
num_chunks_returned_to_freelist: 6.
num_chunks_taken_from_freelist: 6333.
num_chunk_merges: 6.
num_chunk_splits: 4107.
num_chunks_enlarged: 2611.
num_inconsistent_stats: 0.

CodeHeap 'non-profiled nmethods': size=120000Kb used=8681Kb max_used=8681Kb free=111318Kb
 bounds [0x00000215786d0000, 0x0000021578f50000, 0x000002157fc00000]
CodeHeap 'profiled nmethods': size=120000Kb used=27136Kb max_used=28624Kb free=92863Kb
 bounds [0x0000021570c00000, 0x0000021572800000, 0x0000021578130000]
CodeHeap 'non-nmethods': size=5760Kb used=2449Kb max_used=2534Kb free=3310Kb
 bounds [0x0000021578130000, 0x00000215783c0000, 0x00000215786d0000]
 total_blobs=14504 nmethods=13515 adapters=900
 compilation: enabled
              stopped_count=0, restarted_count=0
 full_count=0

Compilation events (20 events):
Event: 58.402 Thread 0x000002152aadfae0 nmethod 16004 0x0000021578f38210 code [0x0000021578f38480, 0x0000021578f39d90]
Event: 58.402 Thread 0x000002152aadfae0 16011       4       java.io.BufferedInputStream::fill (203 bytes)
Event: 58.408 Thread 0x0000021506cf1d40 nmethod 16012 0x0000021578f3ac90 code [0x0000021578f3ae20, 0x0000021578f3b668]
Event: 58.409 Thread 0x0000021506cf1d40 16013       4       java.util.ArrayDeque::addFirst (51 bytes)
Event: 58.410 Thread 0x000002152aadfae0 nmethod 16011 0x0000021578f3b890 code [0x0000021578f3ba20, 0x0000021578f3bfb8]
Event: 58.415 Thread 0x000002152aadfae0 16014       4       com.google.common.cache.LocalCache$Segment::recordWrite (72 bytes)
Event: 58.425 Thread 0x0000021506cf1d40 nmethod 16013 0x0000021578f3c210 code [0x0000021578f3c3a0, 0x0000021578f3cd58]
Event: 58.426 Thread 0x0000021506cf1d40 16015       4       com.google.common.cache.LocalCache$Segment::setValue (82 bytes)
Event: 58.469 Thread 0x000002152aadfae0 nmethod 16014 0x0000021578f3d110 code [0x0000021578f3d320, 0x0000021578f3e0f8]
Event: 58.469 Thread 0x000002152aadfae0 16016       4       sun.nio.fs.WindowsFileAttributes::<init> (57 bytes)
Event: 58.470 Thread 0x000002152aadfae0 nmethod 16016 0x0000021578f3ea10 code [0x0000021578f3eb80, 0x0000021578f3ec38]
Event: 58.470 Thread 0x000002152aadfae0 16017       4       java.nio.file.attribute.FileTime::toMillis (98 bytes)
Event: 58.472 Thread 0x000002152aadfae0 nmethod 16017 0x0000021578f3ed10 code [0x0000021578f3ee80, 0x0000021578f3efb8]
Event: 58.479 Thread 0x000002152aadfae0 16018       4       jdk.internal.misc.Unsafe::checkNativeAddress (28 bytes)
Event: 58.479 Thread 0x000002152aadfae0 nmethod 16018 0x0000021578f3f110 code [0x0000021578f3f280, 0x0000021578f3f2f8]
Event: 58.481 Thread 0x0000021506cf1d40 nmethod 16015 0x0000021578f3f410 code [0x0000021578f3f640, 0x0000021578f40698]
Event: 58.486 Thread 0x0000021506cf1d40 16019       4       org.gradle.cache.internal.AsyncCacheAccessDecoratedCache::get (17 bytes)
Event: 58.486 Thread 0x000002152aadfae0 16020       4       org.gradle.cache.internal.ExclusiveCacheAccessingWorker$1::call (10 bytes)
Event: 58.553 Thread 0x0000021506cf1d40 nmethod 16019 0x0000021578f41210 code [0x0000021578f414a0, 0x0000021578f42f70]
Event: 58.554 Thread 0x0000021506cf1d40 16022   !   4       com.google.common.cache.LocalCache$Segment::lockedGetOrLoad (447 bytes)

GC Heap History (20 events):
Event: 49.686 GC heap before
{Heap before GC invocations=36 (full 0):
 garbage-first heap   total 232448K, used 194195K [0x0000000080000000, 0x0000000100000000)
  region size 1024K, 92 young (94208K), 11 survivors (11264K)
 Metaspace       used 103659K, committed 104704K, reserved 557056K
  class space    used 14350K, committed 14784K, reserved 425984K
}
Event: 49.727 GC heap after
{Heap after GC invocations=37 (full 0):
 garbage-first heap   total 232448K, used 128481K [0x0000000080000000, 0x0000000100000000)
  region size 1024K, 12 young (12288K), 12 survivors (12288K)
 Metaspace       used 103659K, committed 104704K, reserved 557056K
  class space    used 14350K, committed 14784K, reserved 425984K
}
Event: 51.242 GC heap before
{Heap before GC invocations=37 (full 0):
 garbage-first heap   total 232448K, used 190945K [0x0000000080000000, 0x0000000100000000)
  region size 1024K, 68 young (69632K), 12 survivors (12288K)
 Metaspace       used 104341K, committed 105344K, reserved 557056K
  class space    used 14424K, committed 14848K, reserved 425984K
}
Event: 51.272 GC heap after
{Heap after GC invocations=38 (full 0):
 garbage-first heap   total 232448K, used 149337K [0x0000000080000000, 0x0000000100000000)
  region size 1024K, 9 young (9216K), 9 survivors (9216K)
 Metaspace       used 104341K, committed 105344K, reserved 557056K
  class space    used 14424K, committed 14848K, reserved 425984K
}
Event: 52.554 GC heap before
{Heap before GC invocations=39 (full 0):
 garbage-first heap   total 261120K, used 187225K [0x0000000080000000, 0x0000000100000000)
  region size 1024K, 45 young (46080K), 9 survivors (9216K)
 Metaspace       used 104744K, committed 105856K, reserved 557056K
  class space    used 14465K, committed 14912K, reserved 425984K
}
Event: 52.574 GC heap after
{Heap after GC invocations=40 (full 0):
 garbage-first heap   total 261120K, used 159577K [0x0000000080000000, 0x0000000100000000)
  region size 1024K, 6 young (6144K), 6 survivors (6144K)
 Metaspace       used 104744K, committed 105856K, reserved 557056K
  class space    used 14465K, committed 14912K, reserved 425984K
}
Event: 52.747 GC heap before
{Heap before GC invocations=40 (full 0):
 garbage-first heap   total 261120K, used 165721K [0x0000000080000000, 0x0000000100000000)
  region size 1024K, 12 young (12288K), 6 survivors (6144K)
 Metaspace       used 104797K, committed 105920K, reserved 557056K
  class space    used 14465K, committed 14912K, reserved 425984K
}
Event: 52.767 GC heap after
{Heap after GC invocations=41 (full 0):
 garbage-first heap   total 261120K, used 161002K [0x0000000080000000, 0x0000000100000000)
  region size 1024K, 2 young (2048K), 2 survivors (2048K)
 Metaspace       used 104797K, committed 105920K, reserved 557056K
  class space    used 14465K, committed 14912K, reserved 425984K
}
Event: 53.685 GC heap before
{Heap before GC invocations=41 (full 0):
 garbage-first heap   total 261120K, used 207082K [0x0000000080000000, 0x0000000100000000)
  region size 1024K, 47 young (48128K), 2 survivors (2048K)
 Metaspace       used 108027K, committed 109248K, reserved 557056K
  class space    used 14968K, committed 15488K, reserved 425984K
}
Event: 53.695 GC heap after
{Heap after GC invocations=42 (full 0):
 garbage-first heap   total 261120K, used 162704K [0x0000000080000000, 0x0000000100000000)
  region size 1024K, 4 young (4096K), 4 survivors (4096K)
 Metaspace       used 108027K, committed 109248K, reserved 557056K
  class space    used 14968K, committed 15488K, reserved 425984K
}
Event: 54.882 GC heap before
{Heap before GC invocations=42 (full 0):
 garbage-first heap   total 261120K, used 210832K [0x0000000080000000, 0x0000000100000000)
  region size 1024K, 51 young (52224K), 4 survivors (4096K)
 Metaspace       used 110565K, committed 111744K, reserved 557056K
  class space    used 15298K, committed 15808K, reserved 425984K
}
Event: 54.904 GC heap after
{Heap after GC invocations=43 (full 0):
 garbage-first heap   total 261120K, used 167087K [0x0000000080000000, 0x0000000100000000)
  region size 1024K, 7 young (7168K), 7 survivors (7168K)
 Metaspace       used 110565K, committed 111744K, reserved 557056K
  class space    used 15298K, committed 15808K, reserved 425984K
}
Event: 55.987 GC heap before
{Heap before GC invocations=43 (full 0):
 garbage-first heap   total 261120K, used 213167K [0x0000000080000000, 0x0000000100000000)
  region size 1024K, 52 young (53248K), 7 survivors (7168K)
 Metaspace       used 111628K, committed 112832K, reserved 557056K
  class space    used 15413K, committed 15936K, reserved 425984K
}
Event: 56.012 GC heap after
{Heap after GC invocations=44 (full 0):
 garbage-first heap   total 261120K, used 173572K [0x0000000080000000, 0x0000000100000000)
  region size 1024K, 7 young (7168K), 7 survivors (7168K)
 Metaspace       used 111628K, committed 112832K, reserved 557056K
  class space    used 15413K, committed 15936K, reserved 425984K
}
Event: 56.683 GC heap before
{Heap before GC invocations=44 (full 0):
 garbage-first heap   total 261120K, used 215556K [0x0000000080000000, 0x0000000100000000)
  region size 1024K, 48 young (49152K), 7 survivors (7168K)
 Metaspace       used 111824K, committed 113024K, reserved 557056K
  class space    used 15414K, committed 15936K, reserved 425984K
}
Event: 56.704 GC heap after
{Heap after GC invocations=45 (full 0):
 garbage-first heap   total 261120K, used 177802K [0x0000000080000000, 0x0000000100000000)
  region size 1024K, 5 young (5120K), 5 survivors (5120K)
 Metaspace       used 111824K, committed 113024K, reserved 557056K
  class space    used 15414K, committed 15936K, reserved 425984K
}
Event: 57.624 GC heap before
{Heap before GC invocations=45 (full 0):
 garbage-first heap   total 261120K, used 216714K [0x0000000080000000, 0x0000000100000000)
  region size 1024K, 44 young (45056K), 5 survivors (5120K)
 Metaspace       used 112896K, committed 114112K, reserved 557056K
  class space    used 15603K, committed 16128K, reserved 425984K
}
Event: 57.647 GC heap after
{Heap after GC invocations=46 (full 0):
 garbage-first heap   total 261120K, used 184461K [0x0000000080000000, 0x0000000100000000)
  region size 1024K, 6 young (6144K), 6 survivors (6144K)
 Metaspace       used 112896K, committed 114112K, reserved 557056K
  class space    used 15603K, committed 16128K, reserved 425984K
}
Event: 58.427 GC heap before
{Heap before GC invocations=46 (full 0):
 garbage-first heap   total 261120K, used 218253K [0x0000000080000000, 0x0000000100000000)
  region size 1024K, 40 young (40960K), 6 survivors (6144K)
 Metaspace       used 112913K, committed 114112K, reserved 557056K
  class space    used 15604K, committed 16128K, reserved 425984K
}
Event: 58.441 GC heap after
{Heap after GC invocations=47 (full 0):
 garbage-first heap   total 261120K, used 186761K [0x0000000080000000, 0x0000000100000000)
  region size 1024K, 2 young (2048K), 2 survivors (2048K)
 Metaspace       used 112913K, committed 114112K, reserved 557056K
  class space    used 15604K, committed 16128K, reserved 425984K
}

Dll operation events (14 events):
Event: 0.043 Loaded shared library C:\Program Files\Microsoft\jdk-17.0.8.7-hotspot\bin\java.dll
Event: 0.110 Loaded shared library C:\Program Files\Microsoft\jdk-17.0.8.7-hotspot\bin\jsvml.dll
Event: 0.385 Loaded shared library C:\Program Files\Microsoft\jdk-17.0.8.7-hotspot\bin\zip.dll
Event: 0.391 Loaded shared library C:\Program Files\Microsoft\jdk-17.0.8.7-hotspot\bin\instrument.dll
Event: 0.399 Loaded shared library C:\Program Files\Microsoft\jdk-17.0.8.7-hotspot\bin\net.dll
Event: 0.402 Loaded shared library C:\Program Files\Microsoft\jdk-17.0.8.7-hotspot\bin\nio.dll
Event: 0.409 Loaded shared library C:\Program Files\Microsoft\jdk-17.0.8.7-hotspot\bin\zip.dll
Event: 0.921 Loaded shared library C:\Program Files\Microsoft\jdk-17.0.8.7-hotspot\bin\jimage.dll
Event: 1.096 Loaded shared library C:\Program Files\Microsoft\jdk-17.0.8.7-hotspot\bin\verify.dll
Event: 1.528 Loaded shared library C:\Users\92\.gradle\native\68d5fa5c4cc2d200863cafc0d521ce42e7d3e7ee720ec0a83991735586a16f82\windows-amd64\native-platform.dll
Event: 1.557 Loaded shared library C:\Users\92\.gradle\native\e376f236ea51e6404a007f0833ffe2c6e607c4080706a723a18a27aeea778392\windows-amd64\native-platform-file-events.dll
Event: 3.160 Loaded shared library C:\Program Files\Microsoft\jdk-17.0.8.7-hotspot\bin\management.dll
Event: 3.164 Loaded shared library C:\Program Files\Microsoft\jdk-17.0.8.7-hotspot\bin\management_ext.dll
Event: 3.801 Loaded shared library C:\Program Files\Microsoft\jdk-17.0.8.7-hotspot\bin\sunmscapi.dll

Deoptimization events (20 events):
Event: 57.541 Thread 0x0000021527dd7ef0 DEOPT PACKING pc=0x0000021570e5f6d4 sp=0x0000003576dfb5d0
Event: 57.541 Thread 0x0000021527dd7ef0 DEOPT UNPACKING pc=0x0000021578187143 sp=0x0000003576dfaac0 mode 0
Event: 57.549 Thread 0x0000021531cb8a10 DEOPT PACKING pc=0x0000021570e5f6d4 sp=0x0000003578afea30
Event: 57.549 Thread 0x0000021531cb8a10 DEOPT UNPACKING pc=0x0000021578187143 sp=0x0000003578afdf20 mode 0
Event: 58.104 Thread 0x0000021531cba360 Uncommon trap: trap_request=0xffffffbe fr.pc=0x000002157882dfc4 relative=0x0000000000001484
Event: 58.104 Thread 0x0000021531cba360 Uncommon trap: reason=profile_predicate action=maybe_recompile pc=0x000002157882dfc4 method=org.gradle.internal.file.FileHierarchySet$Node.contains(Ljava/lang/String;I)Z @ 69 c2
Event: 58.104 Thread 0x0000021531cba360 DEOPT PACKING pc=0x000002157882dfc4 sp=0x0000003578bfb1f0
Event: 58.104 Thread 0x0000021531cba360 DEOPT UNPACKING pc=0x00000215781869a3 sp=0x0000003578bfb1c0 mode 2
Event: 58.104 Thread 0x0000021531cba360 Uncommon trap: trap_request=0xffffffbe fr.pc=0x000002157882dfc4 relative=0x0000000000001484
Event: 58.104 Thread 0x0000021531cba360 Uncommon trap: reason=profile_predicate action=maybe_recompile pc=0x000002157882dfc4 method=org.gradle.internal.file.FileHierarchySet$Node.contains(Ljava/lang/String;I)Z @ 69 c2
Event: 58.104 Thread 0x0000021531cba360 DEOPT PACKING pc=0x000002157882dfc4 sp=0x0000003578bfb1f0
Event: 58.104 Thread 0x0000021531cba360 DEOPT UNPACKING pc=0x00000215781869a3 sp=0x0000003578bfb1c0 mode 2
Event: 58.105 Thread 0x0000021531cba360 Uncommon trap: trap_request=0xffffffbe fr.pc=0x000002157882dfc4 relative=0x0000000000001484
Event: 58.105 Thread 0x0000021531cba360 Uncommon trap: reason=profile_predicate action=maybe_recompile pc=0x000002157882dfc4 method=org.gradle.internal.file.FileHierarchySet$Node.contains(Ljava/lang/String;I)Z @ 69 c2
Event: 58.105 Thread 0x0000021531cba360 DEOPT PACKING pc=0x000002157882dfc4 sp=0x0000003578bfb1f0
Event: 58.105 Thread 0x0000021531cba360 DEOPT UNPACKING pc=0x00000215781869a3 sp=0x0000003578bfb1c0 mode 2
Event: 58.105 Thread 0x0000021531cba360 Uncommon trap: trap_request=0xffffffbe fr.pc=0x000002157882dfc4 relative=0x0000000000001484
Event: 58.105 Thread 0x0000021531cba360 Uncommon trap: reason=profile_predicate action=maybe_recompile pc=0x000002157882dfc4 method=org.gradle.internal.file.FileHierarchySet$Node.contains(Ljava/lang/String;I)Z @ 69 c2
Event: 58.105 Thread 0x0000021531cba360 DEOPT PACKING pc=0x000002157882dfc4 sp=0x0000003578bfb1f0
Event: 58.105 Thread 0x0000021531cba360 DEOPT UNPACKING pc=0x00000215781869a3 sp=0x0000003578bfb1c0 mode 2

Classes unloaded (0 events):
No events

Classes redefined (0 events):
No events

Internal exceptions (20 events):
Event: 53.875 Thread 0x00000215271677a0 Exception <a 'sun/nio/fs/WindowsException'{0x000000008f670160}> (0x000000008f670160) 
thrown [s\src\hotspot\share\prims\jni.cpp, line 516]
Event: 53.875 Thread 0x00000215271677a0 Exception <a 'sun/nio/fs/WindowsException'{0x000000008f6717e8}> (0x000000008f6717e8) 
thrown [s\src\hotspot\share\prims\jni.cpp, line 516]
Event: 54.904 Thread 0x0000021506cd4f40 Implicit null exception at 0x0000021578e5c77d to 0x0000021578e5cea8
Event: 55.640 Thread 0x00000215271677a0 Exception <a 'java/lang/IncompatibleClassChangeError'{0x000000008e5b70c0}: Found class java.lang.Object, but interface was expected> (0x000000008e5b70c0) 
thrown [s\src\hotspot\share\interpreter\linkResolver.cpp, line 826]
Event: 55.804 Thread 0x00000215271677a0 Exception <a 'sun/nio/fs/WindowsException'{0x000000008dbc7c30}> (0x000000008dbc7c30) 
thrown [s\src\hotspot\share\prims\jni.cpp, line 516]
Event: 55.804 Thread 0x00000215271677a0 Exception <a 'sun/nio/fs/WindowsException'{0x000000008dbc9268}> (0x000000008dbc9268) 
thrown [s\src\hotspot\share\prims\jni.cpp, line 516]
Event: 55.804 Thread 0x00000215271677a0 Exception <a 'sun/nio/fs/WindowsException'{0x000000008dbca8f0}> (0x000000008dbca8f0) 
thrown [s\src\hotspot\share\prims\jni.cpp, line 516]
Event: 55.804 Thread 0x00000215271677a0 Exception <a 'sun/nio/fs/WindowsException'{0x000000008dbcbf78}> (0x000000008dbcbf78) 
thrown [s\src\hotspot\share\prims\jni.cpp, line 516]
Event: 57.086 Thread 0x0000021527ddc0c0 Exception <a 'java/lang/NoSuchMethodError'{0x000000008ebc48c0}: 'void java.lang.invoke.DirectMethodHandle$Holder.invokeStatic(java.lang.Object, java.lang.Object, java.lang.Object, java.lang.Object, int, java.lang.Object, java.lang.Object)'> (0x000000008ebc48c0) 
thrown [s\src\hotspot\share\interpreter\linkResolver.cpp, line 759]
Event: 57.160 Thread 0x0000021527ddc0c0 Exception <a 'java/lang/ClassNotFoundException'{0x000000008e9f88a0}: groovy/util/FileTreeBuilderBeanInfo> (0x000000008e9f88a0) 
thrown [s\src\hotspot\share\classfile\systemDictionary.cpp, line 256]
Event: 57.161 Thread 0x0000021527ddc0c0 Exception <a 'java/lang/ClassNotFoundException'{0x000000008e85b220}: groovy/util/FileTreeBuilderCustomizer> (0x000000008e85b220) 
thrown [s\src\hotspot\share\classfile\systemDictionary.cpp, line 256]
Event: 57.177 Thread 0x0000021527ddc0c0 Exception <a 'java/lang/ClassNotFoundException'{0x000000008e8945d0}: java/io/BufferedWriterBeanInfo> (0x000000008e8945d0) 
thrown [s\src\hotspot\share\classfile\systemDictionary.cpp, line 256]
Event: 57.178 Thread 0x0000021527ddc0c0 Exception <a 'java/lang/ClassNotFoundException'{0x000000008e89a770}: java/io/WriterBeanInfo> (0x000000008e89a770) 
thrown [s\src\hotspot\share\classfile\systemDictionary.cpp, line 256]
Event: 57.178 Thread 0x0000021527ddc0c0 Exception <a 'java/lang/ClassNotFoundException'{0x000000008e8a0930}: java/io/WriterCustomizer> (0x000000008e8a0930) 
thrown [s\src\hotspot\share\classfile\systemDictionary.cpp, line 256]
Event: 57.179 Thread 0x0000021527ddc0c0 Exception <a 'java/lang/ClassNotFoundException'{0x000000008e8afa18}: java/io/BufferedWriterCustomizer> (0x000000008e8afa18) 
thrown [s\src\hotspot\share\classfile\systemDictionary.cpp, line 256]
Event: 57.211 Thread 0x0000021527ddc0c0 Exception <a 'java/lang/NoSuchMethodError'{0x000000008e71c208}: static Lcom/android/build/api/variant/BuildConfigField;.<clinit>()V> (0x000000008e71c208) 
thrown [s\src\hotspot\share\prims\jni.cpp, line 1107]
Event: 57.401 Thread 0x0000021531cb8a10 Exception <a 'java/lang/NoSuchMethodError'{0x000000008e4853f0}: 'java.lang.Object java.lang.invoke.DirectMethodHandle$Holder.invokeSpecialIFC(java.lang.Object, java.lang.Object, java.lang.Object)'> (0x000000008e4853f0) 
thrown [s\src\hotspot\share\interpreter\linkResolver.cpp, line 759]
Event: 57.401 Thread 0x0000021527dd7ef0 Exception <a 'java/lang/NoSuchMethodError'{0x000000008e4c07a0}: 'java.lang.Object java.lang.invoke.DirectMethodHandle$Holder.invokeSpecialIFC(java.lang.Object, java.lang.Object, java.lang.Object)'> (0x000000008e4c07a0) 
thrown [s\src\hotspot\share\interpreter\linkResolver.cpp, line 759]
Event: 57.401 Thread 0x0000021531cba870 Exception <a 'java/lang/NoSuchMethodError'{0x000000008e4a3928}: 'java.lang.Object java.lang.invoke.DirectMethodHandle$Holder.invokeSpecialIFC(java.lang.Object, java.lang.Object, java.lang.Object)'> (0x000000008e4a3928) 
thrown [s\src\hotspot\share\interpreter\linkResolver.cpp, line 759]
Event: 57.401 Thread 0x0000021531cba360 Exception <a 'java/lang/NoSuchMethodError'{0x000000008e4c1e18}: 'java.lang.Object java.lang.invoke.DirectMethodHandle$Holder.invokeSpecialIFC(java.lang.Object, java.lang.Object, java.lang.Object)'> (0x000000008e4c1e18) 
thrown [s\src\hotspot\share\interpreter\linkResolver.cpp, line 759]

VM Operations (20 events):
Event: 56.428 Executing VM operation: ICBufferFull
Event: 56.429 Executing VM operation: ICBufferFull done
Event: 56.614 Executing VM operation: HandshakeAllThreads
Event: 56.614 Executing VM operation: HandshakeAllThreads done
Event: 56.682 Executing VM operation: G1CollectForAllocation
Event: 56.704 Executing VM operation: G1CollectForAllocation done
Event: 56.937 Executing VM operation: HandshakeAllThreads
Event: 56.938 Executing VM operation: HandshakeAllThreads done
Event: 57.048 Executing VM operation: ICBufferFull
Event: 57.049 Executing VM operation: ICBufferFull done
Event: 57.356 Executing VM operation: HandshakeAllThreads
Event: 57.356 Executing VM operation: HandshakeAllThreads done
Event: 57.420 Executing VM operation: HandshakeAllThreads
Event: 57.420 Executing VM operation: HandshakeAllThreads done
Event: 57.423 Executing VM operation: HandshakeAllThreads
Event: 57.424 Executing VM operation: HandshakeAllThreads done
Event: 57.624 Executing VM operation: G1CollectForAllocation
Event: 57.647 Executing VM operation: G1CollectForAllocation done
Event: 58.427 Executing VM operation: G1CollectForAllocation
Event: 58.441 Executing VM operation: G1CollectForAllocation done

Events (20 events):
Event: 57.107 Thread 0x0000021531cb8500 Thread added: 0x0000021531cb8500
Event: 57.177 loading class java/io/BufferedWriterBeanInfo
Event: 57.177 loading class java/io/BufferedWriterBeanInfo done
Event: 57.177 loading class java/io/BufferedWriterBeanInfo
Event: 57.177 loading class java/io/BufferedWriterBeanInfo done
Event: 57.177 loading class java/io/WriterBeanInfo
Event: 57.177 loading class java/io/WriterBeanInfo done
Event: 57.178 loading class java/io/WriterBeanInfo
Event: 57.178 loading class java/io/WriterBeanInfo done
Event: 57.178 loading class java/io/WriterCustomizer
Event: 57.178 loading class java/io/WriterCustomizer done
Event: 57.178 loading class java/io/WriterCustomizer
Event: 57.178 loading class java/io/WriterCustomizer done
Event: 57.179 loading class java/io/BufferedWriterCustomizer
Event: 57.179 loading class java/io/BufferedWriterCustomizer done
Event: 57.179 loading class java/io/BufferedWriterCustomizer
Event: 57.179 loading class java/io/BufferedWriterCustomizer done
Event: 57.361 Thread 0x0000021531cb8a10 Thread added: 0x0000021531cb8a10
Event: 57.362 Thread 0x0000021531cba360 Thread added: 0x0000021531cba360
Event: 57.363 Thread 0x0000021531cba870 Thread added: 0x0000021531cba870


Dynamic libraries:
0x00007ff670010000 - 0x00007ff67001e000 	C:\Program Files\Microsoft\jdk-17.0.8.7-hotspot\bin\java.exe
0x00007ff821210000 - 0x00007ff821408000 	C:\WINDOWS\SYSTEM32\ntdll.dll
0x00007ff821110000 - 0x00007ff8211cd000 	C:\WINDOWS\System32\KERNEL32.DLL
0x00007ff81ed50000 - 0x00007ff81f046000 	C:\WINDOWS\System32\KERNELBASE.dll
0x00007ff81ec50000 - 0x00007ff81ed50000 	C:\WINDOWS\System32\ucrtbase.dll
0x00007ff80e3f0000 - 0x00007ff80e407000 	C:\Program Files\Microsoft\jdk-17.0.8.7-hotspot\bin\jli.dll
0x00007ff81f920000 - 0x00007ff81fabe000 	C:\WINDOWS\System32\USER32.dll
0x00007ff81ea30000 - 0x00007ff81ea52000 	C:\WINDOWS\System32\win32u.dll
0x00007ff81f710000 - 0x00007ff81f73c000 	C:\WINDOWS\System32\GDI32.dll
0x00007ff81e910000 - 0x00007ff81ea2a000 	C:\WINDOWS\System32\gdi32full.dll
0x00007ff81ead0000 - 0x00007ff81eb6d000 	C:\WINDOWS\System32\msvcp_win.dll
0x00007ff807c90000 - 0x00007ff807cab000 	C:\Program Files\Microsoft\jdk-17.0.8.7-hotspot\bin\VCRUNTIME140.dll
0x00007ff80fa00000 - 0x00007ff80fc9a000 	C:\WINDOWS\WinSxS\amd64_microsoft.windows.common-controls_6595b64144ccf1df_6.0.19041.3636_none_60b6a03d71f818d5\COMCTL32.dll
0x00007ff81f740000 - 0x00007ff81f7de000 	C:\WINDOWS\System32\msvcrt.dll
0x00007ff8210e0000 - 0x00007ff821110000 	C:\WINDOWS\System32\IMM32.DLL
0x00007ff80ea30000 - 0x00007ff80ea3c000 	C:\Program Files\Microsoft\jdk-17.0.8.7-hotspot\bin\vcruntime140_1.dll
0x00007fffe8b10000 - 0x00007fffe8b9d000 	C:\Program Files\Microsoft\jdk-17.0.8.7-hotspot\bin\msvcp140.dll
0x00007fffb66f0000 - 0x00007fffb7355000 	C:\Program Files\Microsoft\jdk-17.0.8.7-hotspot\bin\server\jvm.dll
0x00007ff81ff90000 - 0x00007ff820043000 	C:\WINDOWS\System32\ADVAPI32.dll
0x00007ff820e70000 - 0x00007ff820f0f000 	C:\WINDOWS\System32\sechost.dll
0x00007ff81fbe0000 - 0x00007ff81fd06000 	C:\WINDOWS\System32\RPCRT4.dll
0x00007ff81e8e0000 - 0x00007ff81e907000 	C:\WINDOWS\System32\bcrypt.dll
0x00007ff81de80000 - 0x00007ff81decb000 	C:\WINDOWS\SYSTEM32\POWRPROF.dll
0x00007ff80e8a0000 - 0x00007ff80e8a9000 	C:\WINDOWS\SYSTEM32\WSOCK32.dll
0x00007ff820de0000 - 0x00007ff820e4b000 	C:\WINDOWS\System32\WS2_32.dll
0x00007ff8104c0000 - 0x00007ff8104e7000 	C:\WINDOWS\SYSTEM32\WINMM.dll
0x00007ff80ef30000 - 0x00007ff80ef3a000 	C:\WINDOWS\SYSTEM32\VERSION.dll
0x00007ff81dcf0000 - 0x00007ff81dd02000 	C:\WINDOWS\SYSTEM32\UMPDC.dll
0x00007ff81c790000 - 0x00007ff81c7a2000 	C:\WINDOWS\SYSTEM32\kernel.appcore.dll
0x00007ff80e810000 - 0x00007ff80e81a000 	C:\Program Files\Microsoft\jdk-17.0.8.7-hotspot\bin\jimage.dll
0x00007ff810670000 - 0x00007ff810854000 	C:\WINDOWS\SYSTEM32\DBGHELP.DLL
0x00007ff80ad60000 - 0x00007ff80ad94000 	C:\WINDOWS\SYSTEM32\dbgcore.DLL
0x00007ff81ebc0000 - 0x00007ff81ec42000 	C:\WINDOWS\System32\bcryptPrimitives.dll
0x00007ff809430000 - 0x00007ff80943e000 	C:\Program Files\Microsoft\jdk-17.0.8.7-hotspot\bin\instrument.dll
0x00007ff802280000 - 0x00007ff8022a5000 	C:\Program Files\Microsoft\jdk-17.0.8.7-hotspot\bin\java.dll
0x00007fffe8a30000 - 0x00007fffe8b07000 	C:\Program Files\Microsoft\jdk-17.0.8.7-hotspot\bin\jsvml.dll
0x00007ff820050000 - 0x00007ff820795000 	C:\WINDOWS\System32\SHELL32.dll
0x00007ff81c990000 - 0x00007ff81d12b000 	C:\WINDOWS\SYSTEM32\windows.storage.dll
0x00007ff81f3b0000 - 0x00007ff81f704000 	C:\WINDOWS\System32\combase.dll
0x00007ff81e310000 - 0x00007ff81e33d000 	C:\WINDOWS\SYSTEM32\Wldp.dll
0x00007ff821030000 - 0x00007ff8210dd000 	C:\WINDOWS\System32\SHCORE.dll
0x00007ff81fd10000 - 0x00007ff81fd65000 	C:\WINDOWS\System32\shlwapi.dll
0x00007ff81e810000 - 0x00007ff81e835000 	C:\WINDOWS\SYSTEM32\profapi.dll
0x00007ff806890000 - 0x00007ff8068a8000 	C:\Program Files\Microsoft\jdk-17.0.8.7-hotspot\bin\zip.dll
0x00007ff807a00000 - 0x00007ff807a19000 	C:\Program Files\Microsoft\jdk-17.0.8.7-hotspot\bin\net.dll
0x00007ff815920000 - 0x00007ff815a2a000 	C:\WINDOWS\SYSTEM32\WINHTTP.dll
0x00007ff81e070000 - 0x00007ff81e0da000 	C:\WINDOWS\system32\mswsock.dll
0x00007ff8078b0000 - 0x00007ff8078c6000 	C:\Program Files\Microsoft\jdk-17.0.8.7-hotspot\bin\nio.dll
0x00007ff80e160000 - 0x00007ff80e170000 	C:\Program Files\Microsoft\jdk-17.0.8.7-hotspot\bin\verify.dll
0x00007ff800670000 - 0x00007ff800697000 	C:\Users\92\.gradle\native\68d5fa5c4cc2d200863cafc0d521ce42e7d3e7ee720ec0a83991735586a16f82\windows-amd64\native-platform.dll
0x00007fffea290000 - 0x00007fffea3d4000 	C:\Users\92\.gradle\native\e376f236ea51e6404a007f0833ffe2c6e607c4080706a723a18a27aeea778392\windows-amd64\native-platform-file-events.dll
0x00007ff80b650000 - 0x00007ff80b659000 	C:\Program Files\Microsoft\jdk-17.0.8.7-hotspot\bin\management.dll
0x00007ff80a100000 - 0x00007ff80a10b000 	C:\Program Files\Microsoft\jdk-17.0.8.7-hotspot\bin\management_ext.dll
0x00007ff81f7e0000 - 0x00007ff81f7e8000 	C:\WINDOWS\System32\PSAPI.DLL
0x00007ff81e260000 - 0x00007ff81e278000 	C:\WINDOWS\SYSTEM32\CRYPTSP.dll
0x00007ff81d930000 - 0x00007ff81d964000 	C:\WINDOWS\system32\rsaenh.dll
0x00007ff81e7d0000 - 0x00007ff81e7fe000 	C:\WINDOWS\SYSTEM32\USERENV.dll
0x00007ff81e280000 - 0x00007ff81e28c000 	C:\WINDOWS\SYSTEM32\CRYPTBASE.dll
0x00007ff81dd10000 - 0x00007ff81dd4b000 	C:\WINDOWS\SYSTEM32\IPHLPAPI.DLL
0x00007ff820f10000 - 0x00007ff820f18000 	C:\WINDOWS\System32\NSI.dll
0x00007ff817270000 - 0x00007ff817287000 	C:\WINDOWS\SYSTEM32\dhcpcsvc6.DLL
0x00007ff817e20000 - 0x00007ff817e3d000 	C:\WINDOWS\SYSTEM32\dhcpcsvc.DLL
0x00007ff81dd60000 - 0x00007ff81de2a000 	C:\WINDOWS\SYSTEM32\DNSAPI.dll
0x00007ff807da0000 - 0x00007ff807dae000 	C:\Program Files\Microsoft\jdk-17.0.8.7-hotspot\bin\sunmscapi.dll
0x00007ff81f050000 - 0x00007ff81f1ad000 	C:\WINDOWS\System32\CRYPT32.dll
0x00007ff81e380000 - 0x00007ff81e3a8000 	C:\WINDOWS\SYSTEM32\ncrypt.dll
0x00007ff81e340000 - 0x00007ff81e37b000 	C:\WINDOWS\SYSTEM32\NTASN1.dll
0x00007ff8050e0000 - 0x00007ff8050e7000 	C:\WINDOWS\system32\wshunix.dll
0x00007ff80e150000 - 0x00007ff80e15a000 	C:\Windows\System32\rasadhlp.dll
0x00007ff80f4f0000 - 0x00007ff80f570000 	C:\WINDOWS\System32\fwpuclnt.dll
0x00007ff808670000 - 0x00007ff808687000 	C:\WINDOWS\system32\napinsp.dll
0x00007ff808650000 - 0x00007ff80866b000 	C:\WINDOWS\system32\pnrpnsp.dll
0x00007ff811af0000 - 0x00007ff811b05000 	C:\WINDOWS\system32\wshbth.dll
0x00007ff81a270000 - 0x00007ff81a28d000 	C:\WINDOWS\system32\NLAapi.dll
0x00007ff808630000 - 0x00007ff808642000 	C:\WINDOWS\System32\winrnr.dll

dbghelp: loaded successfully - version: 4.0.5 - missing functions: none
symbol engine: initialized successfully - sym options: 0x614 - pdb path: .;C:\Program Files\Microsoft\jdk-17.0.8.7-hotspot\bin;C:\WINDOWS\SYSTEM32;C:\WINDOWS\WinSxS\amd64_microsoft.windows.common-controls_6595b64144ccf1df_6.0.19041.3636_none_60b6a03d71f818d5;C:\Program Files\Microsoft\jdk-17.0.8.7-hotspot\bin\server;C:\Users\92\.gradle\native\68d5fa5c4cc2d200863cafc0d521ce42e7d3e7ee720ec0a83991735586a16f82\windows-amd64;C:\Users\92\.gradle\native\e376f236ea51e6404a007f0833ffe2c6e607c4080706a723a18a27aeea778392\windows-amd64

VM Arguments:
jvm_args: -XX:MaxMetaspaceSize=512m --add-opens=java.base/java.util=ALL-UNNAMED --add-opens=java.base/java.lang=ALL-UNNAMED --add-opens=java.base/java.lang.invoke=ALL-UNNAMED --add-opens=java.prefs/java.util.prefs=ALL-UNNAMED --add-opens=java.base/java.nio.charset=ALL-UNNAMED --add-opens=java.base/java.net=ALL-UNNAMED --add-opens=java.base/java.util.concurrent.atomic=ALL-UNNAMED -Xmx2048m -Dfile.encoding=windows-1252 -Duser.country=CI -Duser.language=fr -Duser.variant -javaagent:C:\Users\92\.gradle\wrapper\dists\gradle-8.3-all\6en3ugtfdg5xnpx44z4qbwgas\gradle-8.3\lib\agents\gradle-instrumentation-agent-8.3.jar 
java_command: org.gradle.launcher.daemon.bootstrap.GradleDaemon 8.3
java_class_path (initial): C:\Users\92\.gradle\wrapper\dists\gradle-8.3-all\6en3ugtfdg5xnpx44z4qbwgas\gradle-8.3\lib\gradle-launcher-8.3.jar
Launcher Type: SUN_STANDARD

[Global flags]
     intx CICompilerCount                          = 3                                         {product} {ergonomic}
   size_t CompressedClassSpaceSize                 = 436207616                                 {product} {ergonomic}
     uint ConcGCThreads                            = 1                                         {product} {ergonomic}
     uint G1ConcRefinementThreads                  = 4                                         {product} {ergonomic}
   size_t G1HeapRegionSize                         = 1048576                                   {product} {ergonomic}
    uintx GCDrainStackTargetSize                   = 64                                        {product} {ergonomic}
   size_t InitialHeapSize                          = 192937984                                 {product} {ergonomic}
   size_t MarkStackSize                            = 4194304                                   {product} {ergonomic}
   size_t MaxHeapSize                              = 2147483648                                {product} {command line}
   size_t MaxMetaspaceSize                         = 536870912                                 {product} {command line}
   size_t MaxNewSize                               = 1287651328                                {product} {ergonomic}
   size_t MinHeapDeltaBytes                        = 1048576                                   {product} {ergonomic}
   size_t MinHeapSize                              = 8388608                                   {product} {ergonomic}
    uintx NonNMethodCodeHeapSize                   = 5832780                                {pd product} {ergonomic}
    uintx NonProfiledCodeHeapSize                  = 122912730                              {pd product} {ergonomic}
    uintx ProfiledCodeHeapSize                     = 122912730                              {pd product} {ergonomic}
    uintx ReservedCodeCacheSize                    = 251658240                              {pd product} {ergonomic}
     bool SegmentedCodeCache                       = true                                      {product} {ergonomic}
   size_t SoftMaxHeapSize                          = 2147483648                             {manageable} {ergonomic}
     bool UseCompressedClassPointers               = true                           {product lp64_product} {ergonomic}
     bool UseCompressedOops                        = true                           {product lp64_product} {ergonomic}
     bool UseG1GC                                  = true                                      {product} {ergonomic}
     bool UseLargePagesIndividualAllocation        = false                                  {pd product} {ergonomic}

Logging:
Log output configuration:
 #0: stdout all=warning uptime,level,tags
 #1: stderr all=off uptime,level,tags

Environment Variables:
JAVA_HOME=C:\Program Files\Microsoft\jdk-17.0.8.7-hotspot\
CLASSPATH=C:\Users\92\Documents\FATIHOUNE\APPS\ky92\client\android\\gradle\wrapper\gradle-wrapper.jar
PATH=C:\Users\92\Documents\FATIHOUNE\APPS\ky92\client\node_modules\.bin;C:\Users\92\Documents\FATIHOUNE\APPS\ky92\client\node_modules\.bin;C:\Users\92\Documents\FATIHOUNE\APPS\ky92\node_modules\.bin;C:\Users\92\Documents\FATIHOUNE\APPS\node_modules\.bin;C:\Users\92\Documents\FATIHOUNE\node_modules\.bin;C:\Users\92\Documents\node_modules\.bin;C:\Users\92\node_modules\.bin;C:\Users\node_modules\.bin;C:\node_modules\.bin;C:\Users\92\AppData\Roaming\npm\node_modules\npm\node_modules\@npmcli\run-script\lib\node-gyp-bin;C:\Users\92\AppData\Local\Temp\yarn--1705502368477-0.16544293033346813;C:\Users\92\Documents\FATIHOUNE\APPS\ky92\client\node_modules\.bin;C:\Users\92\AppData\Local\Yarn\Data\link\node_modules\.bin;C:\Users\92\AppData\Local\Yarn\bin;C:\Program Files\libexec\lib\node_modules\npm\bin\node-gyp-bin;C:\Program Files\lib\node_modules\npm\bin\node-gyp-bin;C:\Program Files\nodejs\node_modules\npm\bin\node-gyp-bin;C:\Program Files\Microsoft\jdk-17.0.8.7-hotspot\bin;C:\WINDOWS\system32;C:\WINDOWS;C:\WINDOWS\System32\Wbem;C:\WINDOWS\System32\WindowsPowerShell\v1.0\;C:\WINDOWS\System32\OpenSSH\;C:\Program Files\nodejs\;%LOCALAPPDATA%\Android\Sdk\platform-tools;C:\Users\92\AppData\Local\Android\Sdk\tools;C:\Users\92\AppData\Local\Microsoft\WindowsApps;;C:\Users\92\AppData\Local\Programs\Microsoft VS Code\bin;C:\Users\92\AppData\Roaming\npm;C:\ProgramData\chocolatey\bin
USERNAME=92
LANG=en_US.UTF-8
OS=Windows_NT
PROCESSOR_IDENTIFIER=Intel64 Family 6 Model 61 Stepping 4, GenuineIntel
TMP=C:\Users\92\AppData\Local\Temp
TEMP=C:\Users\92\AppData\Local\Temp



---------------  S Y S T E M  ---------------

OS:
 Windows 10 , 64 bit Build 19041 (10.0.19041.3636)
OS uptime: 3 days 3:00 hours

CPU: total 4 (initial active 4) (2 cores per cpu, 2 threads per core) family 6 model 61 stepping 4 microcode 0x2d, cx8, cmov, fxsr, ht, mmx, 3dnowpref, sse, sse2, sse3, ssse3, sse4.1, sse4.2, popcnt, lzcnt, tsc, tscinvbit, avx, avx2, aes, erms, clmul, bmi1, bmi2, adx, fma, vzeroupper, clflush
Processor Information for all 4 processors :
  Max Mhz: 2201, Current Mhz: 2201, Mhz Limit: 2201

Memory: 4k page, system-wide physical 11683M (4330M free)
TotalPageFile size 16803M (AvailPageFile size 7095M)
current process WorkingSet (physical memory assigned to process): 586M, peak: 588M
current process commit charge ("private bytes"): 619M, peak: 623M

vm_info: OpenJDK 64-Bit Server VM (17.0.8+7-LTS) for windows-amd64 JRE (17.0.8+7-LTS), built on Jul  7 2023 17:21:55 by "MicrosoftCorporation" with MS VC++ 16.10 / 16.11 (VS2019)

END.
